5 17, 2016 10:09:09 午後 fvs.kitamura.FrameAnalyzer <init>
構成: FFmpegFrameGrabber:C:\Users\Kitamura\Desktop\Fighters\FVS160517\DB\MVI_0101.MP4
5 17, 2016 10:09:11 午後 fvs.kitamura.FrameAnalyzer <init>
構成: Before getBufferedImage:C:\Users\Kitamura\Desktop\Fighters\FVS160517\DB\MVI_0101.MP4
5 17, 2016 10:09:11 午後 fvs.kitamura.FrameAnalyzer <init>
構成: After getBufferedImage:C:\Users\Kitamura\Desktop\Fighters\FVS160517\DB\MVI_0101.MP4
5 17, 2016 10:09:11 午後 fvs.kitamura.SortVideo <init>
構成: C:\Users\Kitamura\Desktop\Fighters\FVS160517\DB\MVI_0101.MP4:147
5 17, 2016 10:09:11 午後 fvs.kitamura.FrameAnalyzer <init>
構成: FFmpegFrameGrabber:C:\Users\Kitamura\Desktop\Fighters\FVS160517\DB\MVI_0102.MP4
5 17, 2016 10:09:11 午後 fvs.kitamura.FrameAnalyzer <init>
構成: Before getBufferedImage:C:\Users\Kitamura\Desktop\Fighters\FVS160517\DB\MVI_0102.MP4
5 17, 2016 10:09:11 午後 fvs.kitamura.FrameAnalyzer <init>
構成: After getBufferedImage:C:\Users\Kitamura\Desktop\Fighters\FVS160517\DB\MVI_0102.MP4
5 17, 2016 10:09:11 午後 fvs.kitamura.SortVideo <init>
構成: C:\Users\Kitamura\Desktop\Fighters\FVS160517\DB\MVI_0102.MP4:136
5 17, 2016 10:09:11 午後 fvs.kitamura.FrameAnalyzer <init>
構成: FFmpegFrameGrabber:C:\Users\Kitamura\Desktop\Fighters\FVS160517\DB\MVI_0103.MP4
5 17, 2016 10:09:11 午後 fvs.kitamura.FrameAnalyzer <init>
構成: Before getBufferedImage:C:\Users\Kitamura\Desktop\Fighters\FVS160517\DB\MVI_0103.MP4
5 17, 2016 10:09:11 午後 fvs.kitamura.FrameAnalyzer <init>
構成: After getBufferedImage:C:\Users\Kitamura\Desktop\Fighters\FVS160517\DB\MVI_0103.MP4
5 17, 2016 10:09:11 午後 fvs.kitamura.SortVideo <init>
構成: C:\Users\Kitamura\Desktop\Fighters\FVS160517\DB\MVI_0103.MP4:155
5 17, 2016 10:09:11 午後 fvs.kitamura.FrameAnalyzer <init>
構成: FFmpegFrameGrabber:C:\Users\Kitamura\Desktop\Fighters\FVS160517\DB\MVI_0104.MP4
5 17, 2016 10:09:12 午後 fvs.kitamura.FrameAnalyzer <init>
構成: Before getBufferedImage:C:\Users\Kitamura\Desktop\Fighters\FVS160517\DB\MVI_0104.MP4
5 17, 2016 10:09:12 午後 fvs.kitamura.FrameAnalyzer <init>
構成: After getBufferedImage:C:\Users\Kitamura\Desktop\Fighters\FVS160517\DB\MVI_0104.MP4
5 17, 2016 10:09:12 午後 fvs.kitamura.SortVideo <init>
構成: C:\Users\Kitamura\Desktop\Fighters\FVS160517\DB\MVI_0104.MP4:146
5 17, 2016 10:09:12 午後 fvs.kitamura.FrameAnalyzer <init>
構成: FFmpegFrameGrabber:C:\Users\Kitamura\Desktop\Fighters\FVS160517\DB\MVI_0105.MP4
5 17, 2016 10:09:12 午後 fvs.kitamura.FrameAnalyzer <init>
構成: Before getBufferedImage:C:\Users\Kitamura\Desktop\Fighters\FVS160517\DB\MVI_0105.MP4
5 17, 2016 10:09:12 午後 fvs.kitamura.FrameAnalyzer <init>
構成: After getBufferedImage:C:\Users\Kitamura\Desktop\Fighters\FVS160517\DB\MVI_0105.MP4
5 17, 2016 10:09:12 午後 fvs.kitamura.SortVideo <init>
構成: C:\Users\Kitamura\Desktop\Fighters\FVS160517\DB\MVI_0105.MP4:148
5 17, 2016 10:09:12 午後 fvs.kitamura.FrameAnalyzer <init>
構成: FFmpegFrameGrabber:C:\Users\Kitamura\Desktop\Fighters\FVS160517\DB\MVI_0106.MP4
5 17, 2016 10:09:12 午後 fvs.kitamura.FrameAnalyzer <init>
構成: Before getBufferedImage:C:\Users\Kitamura\Desktop\Fighters\FVS160517\DB\MVI_0106.MP4
5 17, 2016 10:09:12 午後 fvs.kitamura.FrameAnalyzer <init>
構成: After getBufferedImage:C:\Users\Kitamura\Desktop\Fighters\FVS160517\DB\MVI_0106.MP4
5 17, 2016 10:09:12 午後 fvs.kitamura.SortVideo <init>
構成: C:\Users\Kitamura\Desktop\Fighters\FVS160517\DB\MVI_0106.MP4:121
5 17, 2016 10:09:12 午後 fvs.kitamura.FrameAnalyzer <init>
構成: FFmpegFrameGrabber:C:\Users\Kitamura\Desktop\Fighters\FVS160517\DB\MVI_0107.MP4
5 17, 2016 10:09:12 午後 fvs.kitamura.FrameAnalyzer <init>
構成: Before getBufferedImage:C:\Users\Kitamura\Desktop\Fighters\FVS160517\DB\MVI_0107.MP4
5 17, 2016 10:09:12 午後 fvs.kitamura.FrameAnalyzer <init>
構成: After getBufferedImage:C:\Users\Kitamura\Desktop\Fighters\FVS160517\DB\MVI_0107.MP4
5 17, 2016 10:09:12 午後 fvs.kitamura.SortVideo <init>
構成: C:\Users\Kitamura\Desktop\Fighters\FVS160517\DB\MVI_0107.MP4:116
5 17, 2016 10:09:12 午後 fvs.kitamura.FrameAnalyzer <init>
構成: FFmpegFrameGrabber:C:\Users\Kitamura\Desktop\Fighters\FVS160517\DB\MVI_0108.MP4
5 17, 2016 10:09:12 午後 fvs.kitamura.FrameAnalyzer <init>
構成: Before getBufferedImage:C:\Users\Kitamura\Desktop\Fighters\FVS160517\DB\MVI_0108.MP4
5 17, 2016 10:09:12 午後 fvs.kitamura.FrameAnalyzer <init>
構成: After getBufferedImage:C:\Users\Kitamura\Desktop\Fighters\FVS160517\DB\MVI_0108.MP4
5 17, 2016 10:09:12 午後 fvs.kitamura.SortVideo <init>
構成: C:\Users\Kitamura\Desktop\Fighters\FVS160517\DB\MVI_0108.MP4:118
5 17, 2016 10:09:12 午後 fvs.kitamura.FrameAnalyzer <init>
構成: FFmpegFrameGrabber:C:\Users\Kitamura\Desktop\Fighters\FVS160517\DB\MVI_0109.MP4
5 17, 2016 10:09:12 午後 fvs.kitamura.FrameAnalyzer <init>
構成: Before getBufferedImage:C:\Users\Kitamura\Desktop\Fighters\FVS160517\DB\MVI_0109.MP4
5 17, 2016 10:09:12 午後 fvs.kitamura.FrameAnalyzer <init>
構成: After getBufferedImage:C:\Users\Kitamura\Desktop\Fighters\FVS160517\DB\MVI_0109.MP4
5 17, 2016 10:09:12 午後 fvs.kitamura.SortVideo <init>
構成: C:\Users\Kitamura\Desktop\Fighters\FVS160517\DB\MVI_0109.MP4:114
5 17, 2016 10:09:12 午後 fvs.kitamura.FrameAnalyzer <init>
構成: FFmpegFrameGrabber:C:\Users\Kitamura\Desktop\Fighters\FVS160517\DB\MVI_0110.MP4
5 17, 2016 10:09:12 午後 fvs.kitamura.FrameAnalyzer <init>
構成: Before getBufferedImage:C:\Users\Kitamura\Desktop\Fighters\FVS160517\DB\MVI_0110.MP4
5 17, 2016 10:09:12 午後 fvs.kitamura.FrameAnalyzer <init>
構成: After getBufferedImage:C:\Users\Kitamura\Desktop\Fighters\FVS160517\DB\MVI_0110.MP4
5 17, 2016 10:09:12 午後 fvs.kitamura.SortVideo <init>
構成: C:\Users\Kitamura\Desktop\Fighters\FVS160517\DB\MVI_0110.MP4:111
5 17, 2016 10:09:12 午後 fvs.kitamura.FrameAnalyzer <init>
構成: FFmpegFrameGrabber:C:\Users\Kitamura\Desktop\Fighters\FVS160517\DB\MVI_0111.MP4
5 17, 2016 10:09:12 午後 fvs.kitamura.FrameAnalyzer <init>
構成: Before getBufferedImage:C:\Users\Kitamura\Desktop\Fighters\FVS160517\DB\MVI_0111.MP4
5 17, 2016 10:09:12 午後 fvs.kitamura.FrameAnalyzer <init>
構成: After getBufferedImage:C:\Users\Kitamura\Desktop\Fighters\FVS160517\DB\MVI_0111.MP4
5 17, 2016 10:09:12 午後 fvs.kitamura.SortVideo <init>
構成: C:\Users\Kitamura\Desktop\Fighters\FVS160517\DB\MVI_0111.MP4:123
5 17, 2016 10:09:12 午後 fvs.kitamura.FrameAnalyzer <init>
構成: FFmpegFrameGrabber:C:\Users\Kitamura\Desktop\Fighters\FVS160517\DB\MVI_0112.MP4
5 17, 2016 10:09:12 午後 fvs.kitamura.FrameAnalyzer <init>
構成: Before getBufferedImage:C:\Users\Kitamura\Desktop\Fighters\FVS160517\DB\MVI_0112.MP4
5 17, 2016 10:09:12 午後 fvs.kitamura.FrameAnalyzer <init>
構成: After getBufferedImage:C:\Users\Kitamura\Desktop\Fighters\FVS160517\DB\MVI_0112.MP4
5 17, 2016 10:09:12 午後 fvs.kitamura.SortVideo <init>
構成: C:\Users\Kitamura\Desktop\Fighters\FVS160517\DB\MVI_0112.MP4:130
5 17, 2016 10:09:12 午後 fvs.kitamura.FrameAnalyzer <init>
構成: FFmpegFrameGrabber:C:\Users\Kitamura\Desktop\Fighters\FVS160517\DB\MVI_0113.MP4
5 17, 2016 10:09:12 午後 fvs.kitamura.FrameAnalyzer <init>
構成: Before getBufferedImage:C:\Users\Kitamura\Desktop\Fighters\FVS160517\DB\MVI_0113.MP4
5 17, 2016 10:09:12 午後 fvs.kitamura.FrameAnalyzer <init>
構成: After getBufferedImage:C:\Users\Kitamura\Desktop\Fighters\FVS160517\DB\MVI_0113.MP4
5 17, 2016 10:09:12 午後 fvs.kitamura.SortVideo <init>
構成: C:\Users\Kitamura\Desktop\Fighters\FVS160517\DB\MVI_0113.MP4:128
5 17, 2016 10:09:12 午後 fvs.kitamura.FrameAnalyzer <init>
構成: FFmpegFrameGrabber:C:\Users\Kitamura\Desktop\Fighters\FVS160517\DB\MVI_0114.MP4
5 17, 2016 10:09:13 午後 fvs.kitamura.FrameAnalyzer <init>
構成: Before getBufferedImage:C:\Users\Kitamura\Desktop\Fighters\FVS160517\DB\MVI_0114.MP4
5 17, 2016 10:09:13 午後 fvs.kitamura.FrameAnalyzer <init>
構成: After getBufferedImage:C:\Users\Kitamura\Desktop\Fighters\FVS160517\DB\MVI_0114.MP4
5 17, 2016 10:09:13 午後 fvs.kitamura.SortVideo <init>
構成: C:\Users\Kitamura\Desktop\Fighters\FVS160517\DB\MVI_0114.MP4:128
5 17, 2016 10:09:13 午後 fvs.kitamura.FrameAnalyzer <init>
構成: FFmpegFrameGrabber:C:\Users\Kitamura\Desktop\Fighters\FVS160517\DB\MVI_0115.MP4
5 17, 2016 10:09:13 午後 fvs.kitamura.FrameAnalyzer <init>
構成: Before getBufferedImage:C:\Users\Kitamura\Desktop\Fighters\FVS160517\DB\MVI_0115.MP4
5 17, 2016 10:09:13 午後 fvs.kitamura.FrameAnalyzer <init>
構成: After getBufferedImage:C:\Users\Kitamura\Desktop\Fighters\FVS160517\DB\MVI_0115.MP4
5 17, 2016 10:09:13 午後 fvs.kitamura.SortVideo <init>
構成: C:\Users\Kitamura\Desktop\Fighters\FVS160517\DB\MVI_0115.MP4:115
5 17, 2016 10:09:13 午後 fvs.kitamura.FrameAnalyzer <init>
構成: FFmpegFrameGrabber:C:\Users\Kitamura\Desktop\Fighters\FVS160517\DB\MVI_0116.MP4
5 17, 2016 10:09:13 午後 fvs.kitamura.FrameAnalyzer <init>
構成: Before getBufferedImage:C:\Users\Kitamura\Desktop\Fighters\FVS160517\DB\MVI_0116.MP4
5 17, 2016 10:09:13 午後 fvs.kitamura.FrameAnalyzer <init>
構成: After getBufferedImage:C:\Users\Kitamura\Desktop\Fighters\FVS160517\DB\MVI_0116.MP4
5 17, 2016 10:09:13 午後 fvs.kitamura.SortVideo <init>
構成: C:\Users\Kitamura\Desktop\Fighters\FVS160517\DB\MVI_0116.MP4:121
5 17, 2016 10:09:13 午後 fvs.kitamura.FrameAnalyzer <init>
構成: FFmpegFrameGrabber:C:\Users\Kitamura\Desktop\Fighters\FVS160517\DB\MVI_0117.MP4
5 17, 2016 10:09:13 午後 fvs.kitamura.FrameAnalyzer <init>
構成: Before getBufferedImage:C:\Users\Kitamura\Desktop\Fighters\FVS160517\DB\MVI_0117.MP4
5 17, 2016 10:09:13 午後 fvs.kitamura.FrameAnalyzer <init>
構成: After getBufferedImage:C:\Users\Kitamura\Desktop\Fighters\FVS160517\DB\MVI_0117.MP4
5 17, 2016 10:09:13 午後 fvs.kitamura.SortVideo <init>
構成: C:\Users\Kitamura\Desktop\Fighters\FVS160517\DB\MVI_0117.MP4:118
5 17, 2016 10:09:13 午後 fvs.kitamura.FrameAnalyzer <init>
構成: FFmpegFrameGrabber:C:\Users\Kitamura\Desktop\Fighters\FVS160517\DB\MVI_0118.MP4
5 17, 2016 10:09:13 午後 fvs.kitamura.FrameAnalyzer <init>
構成: Before getBufferedImage:C:\Users\Kitamura\Desktop\Fighters\FVS160517\DB\MVI_0118.MP4
5 17, 2016 10:09:13 午後 fvs.kitamura.FrameAnalyzer <init>
構成: After getBufferedImage:C:\Users\Kitamura\Desktop\Fighters\FVS160517\DB\MVI_0118.MP4
5 17, 2016 10:09:13 午後 fvs.kitamura.SortVideo <init>
構成: C:\Users\Kitamura\Desktop\Fighters\FVS160517\DB\MVI_0118.MP4:114
5 17, 2016 10:09:13 午後 fvs.kitamura.FrameAnalyzer <init>
構成: FFmpegFrameGrabber:C:\Users\Kitamura\Desktop\Fighters\FVS160517\DB\MVI_0119.MP4
5 17, 2016 10:09:13 午後 fvs.kitamura.FrameAnalyzer <init>
構成: Before getBufferedImage:C:\Users\Kitamura\Desktop\Fighters\FVS160517\DB\MVI_0119.MP4
5 17, 2016 10:09:13 午後 fvs.kitamura.FrameAnalyzer <init>
構成: After getBufferedImage:C:\Users\Kitamura\Desktop\Fighters\FVS160517\DB\MVI_0119.MP4
5 17, 2016 10:09:13 午後 fvs.kitamura.SortVideo <init>
構成: C:\Users\Kitamura\Desktop\Fighters\FVS160517\DB\MVI_0119.MP4:135
5 17, 2016 10:09:13 午後 fvs.kitamura.FrameAnalyzer <init>
構成: FFmpegFrameGrabber:C:\Users\Kitamura\Desktop\Fighters\FVS160517\DB\MVI_0120.MP4
5 17, 2016 10:09:13 午後 fvs.kitamura.FrameAnalyzer <init>
構成: Before getBufferedImage:C:\Users\Kitamura\Desktop\Fighters\FVS160517\DB\MVI_0120.MP4
5 17, 2016 10:09:13 午後 fvs.kitamura.FrameAnalyzer <init>
構成: After getBufferedImage:C:\Users\Kitamura\Desktop\Fighters\FVS160517\DB\MVI_0120.MP4
5 17, 2016 10:09:13 午後 fvs.kitamura.SortVideo <init>
構成: C:\Users\Kitamura\Desktop\Fighters\FVS160517\DB\MVI_0120.MP4:120
5 17, 2016 10:09:13 午後 fvs.kitamura.FrameAnalyzer <init>
構成: FFmpegFrameGrabber:C:\Users\Kitamura\Desktop\Fighters\FVS160517\DB\MVI_0121.MP4
5 17, 2016 10:09:13 午後 fvs.kitamura.FrameAnalyzer <init>
構成: Before getBufferedImage:C:\Users\Kitamura\Desktop\Fighters\FVS160517\DB\MVI_0121.MP4
5 17, 2016 10:09:13 午後 fvs.kitamura.FrameAnalyzer <init>
構成: After getBufferedImage:C:\Users\Kitamura\Desktop\Fighters\FVS160517\DB\MVI_0121.MP4
5 17, 2016 10:09:13 午後 fvs.kitamura.SortVideo <init>
構成: C:\Users\Kitamura\Desktop\Fighters\FVS160517\DB\MVI_0121.MP4:121
5 17, 2016 10:09:13 午後 fvs.kitamura.FrameAnalyzer <init>
構成: FFmpegFrameGrabber:C:\Users\Kitamura\Desktop\Fighters\FVS160517\DB\MVI_0122.MP4
5 17, 2016 10:09:13 午後 fvs.kitamura.FrameAnalyzer <init>
構成: Before getBufferedImage:C:\Users\Kitamura\Desktop\Fighters\FVS160517\DB\MVI_0122.MP4
5 17, 2016 10:09:13 午後 fvs.kitamura.FrameAnalyzer <init>
構成: After getBufferedImage:C:\Users\Kitamura\Desktop\Fighters\FVS160517\DB\MVI_0122.MP4
5 17, 2016 10:09:13 午後 fvs.kitamura.SortVideo <init>
構成: C:\Users\Kitamura\Desktop\Fighters\FVS160517\DB\MVI_0122.MP4:129
5 17, 2016 10:09:13 午後 fvs.kitamura.FrameAnalyzer <init>
構成: FFmpegFrameGrabber:C:\Users\Kitamura\Desktop\Fighters\FVS160517\DB\MVI_0123.MP4
5 17, 2016 10:09:13 午後 fvs.kitamura.FrameAnalyzer <init>
構成: Before getBufferedImage:C:\Users\Kitamura\Desktop\Fighters\FVS160517\DB\MVI_0123.MP4
5 17, 2016 10:09:13 午後 fvs.kitamura.FrameAnalyzer <init>
構成: After getBufferedImage:C:\Users\Kitamura\Desktop\Fighters\FVS160517\DB\MVI_0123.MP4
5 17, 2016 10:09:13 午後 fvs.kitamura.SortVideo <init>
構成: C:\Users\Kitamura\Desktop\Fighters\FVS160517\DB\MVI_0123.MP4:119
5 17, 2016 10:09:13 午後 fvs.kitamura.FrameAnalyzer <init>
構成: FFmpegFrameGrabber:C:\Users\Kitamura\Desktop\Fighters\FVS160517\DB\MVI_0124.MP4
5 17, 2016 10:09:13 午後 fvs.kitamura.FrameAnalyzer <init>
構成: Before getBufferedImage:C:\Users\Kitamura\Desktop\Fighters\FVS160517\DB\MVI_0124.MP4
5 17, 2016 10:09:13 午後 fvs.kitamura.FrameAnalyzer <init>
構成: After getBufferedImage:C:\Users\Kitamura\Desktop\Fighters\FVS160517\DB\MVI_0124.MP4
5 17, 2016 10:09:13 午後 fvs.kitamura.SortVideo <init>
構成: C:\Users\Kitamura\Desktop\Fighters\FVS160517\DB\MVI_0124.MP4:116
5 17, 2016 10:09:13 午後 fvs.kitamura.FrameAnalyzer <init>
構成: FFmpegFrameGrabber:C:\Users\Kitamura\Desktop\Fighters\FVS160517\DB\MVI_0125.MP4
5 17, 2016 10:09:14 午後 fvs.kitamura.FrameAnalyzer <init>
構成: Before getBufferedImage:C:\Users\Kitamura\Desktop\Fighters\FVS160517\DB\MVI_0125.MP4
5 17, 2016 10:09:14 午後 fvs.kitamura.FrameAnalyzer <init>
構成: After getBufferedImage:C:\Users\Kitamura\Desktop\Fighters\FVS160517\DB\MVI_0125.MP4
5 17, 2016 10:09:14 午後 fvs.kitamura.SortVideo <init>
構成: C:\Users\Kitamura\Desktop\Fighters\FVS160517\DB\MVI_0125.MP4:119
5 17, 2016 10:09:14 午後 fvs.kitamura.FrameAnalyzer <init>
構成: FFmpegFrameGrabber:C:\Users\Kitamura\Desktop\Fighters\FVS160517\DB\MVI_0126.MP4
5 17, 2016 10:09:14 午後 fvs.kitamura.FrameAnalyzer <init>
構成: Before getBufferedImage:C:\Users\Kitamura\Desktop\Fighters\FVS160517\DB\MVI_0126.MP4
5 17, 2016 10:09:14 午後 fvs.kitamura.FrameAnalyzer <init>
構成: After getBufferedImage:C:\Users\Kitamura\Desktop\Fighters\FVS160517\DB\MVI_0126.MP4
5 17, 2016 10:09:14 午後 fvs.kitamura.SortVideo <init>
構成: C:\Users\Kitamura\Desktop\Fighters\FVS160517\DB\MVI_0126.MP4:116
5 17, 2016 10:09:14 午後 fvs.kitamura.FrameAnalyzer <init>
構成: FFmpegFrameGrabber:C:\Users\Kitamura\Desktop\Fighters\FVS160517\DB\MVI_0127.MP4
5 17, 2016 10:09:14 午後 fvs.kitamura.FrameAnalyzer <init>
構成: Before getBufferedImage:C:\Users\Kitamura\Desktop\Fighters\FVS160517\DB\MVI_0127.MP4
5 17, 2016 10:09:14 午後 fvs.kitamura.FrameAnalyzer <init>
構成: After getBufferedImage:C:\Users\Kitamura\Desktop\Fighters\FVS160517\DB\MVI_0127.MP4
5 17, 2016 10:09:14 午後 fvs.kitamura.SortVideo <init>
構成: C:\Users\Kitamura\Desktop\Fighters\FVS160517\DB\MVI_0127.MP4:123
5 17, 2016 10:09:14 午後 fvs.kitamura.FrameAnalyzer <init>
構成: FFmpegFrameGrabber:C:\Users\Kitamura\Desktop\Fighters\FVS160517\DB\MVI_0128.MP4
5 17, 2016 10:09:14 午後 fvs.kitamura.FrameAnalyzer <init>
構成: Before getBufferedImage:C:\Users\Kitamura\Desktop\Fighters\FVS160517\DB\MVI_0128.MP4
5 17, 2016 10:09:14 午後 fvs.kitamura.FrameAnalyzer <init>
構成: After getBufferedImage:C:\Users\Kitamura\Desktop\Fighters\FVS160517\DB\MVI_0128.MP4
5 17, 2016 10:09:14 午後 fvs.kitamura.SortVideo <init>
構成: C:\Users\Kitamura\Desktop\Fighters\FVS160517\DB\MVI_0128.MP4:130
5 17, 2016 10:09:14 午後 fvs.kitamura.FrameAnalyzer <init>
構成: FFmpegFrameGrabber:C:\Users\Kitamura\Desktop\Fighters\FVS160517\DB\MVI_0129.MP4
5 17, 2016 10:09:14 午後 fvs.kitamura.FrameAnalyzer <init>
構成: Before getBufferedImage:C:\Users\Kitamura\Desktop\Fighters\FVS160517\DB\MVI_0129.MP4
5 17, 2016 10:09:14 午後 fvs.kitamura.FrameAnalyzer <init>
構成: After getBufferedImage:C:\Users\Kitamura\Desktop\Fighters\FVS160517\DB\MVI_0129.MP4
5 17, 2016 10:09:14 午後 fvs.kitamura.SortVideo <init>
構成: C:\Users\Kitamura\Desktop\Fighters\FVS160517\DB\MVI_0129.MP4:119
5 17, 2016 10:09:14 午後 fvs.kitamura.FrameAnalyzer <init>
構成: FFmpegFrameGrabber:C:\Users\Kitamura\Desktop\Fighters\FVS160517\DB\MVI_0130.MP4
5 17, 2016 10:09:14 午後 fvs.kitamura.FrameAnalyzer <init>
構成: Before getBufferedImage:C:\Users\Kitamura\Desktop\Fighters\FVS160517\DB\MVI_0130.MP4
5 17, 2016 10:09:14 午後 fvs.kitamura.FrameAnalyzer <init>
構成: After getBufferedImage:C:\Users\Kitamura\Desktop\Fighters\FVS160517\DB\MVI_0130.MP4
5 17, 2016 10:09:14 午後 fvs.kitamura.SortVideo <init>
構成: C:\Users\Kitamura\Desktop\Fighters\FVS160517\DB\MVI_0130.MP4:123
5 17, 2016 10:09:14 午後 fvs.kitamura.FrameAnalyzer <init>
構成: FFmpegFrameGrabber:C:\Users\Kitamura\Desktop\Fighters\FVS160517\DB\MVI_0131.MP4
5 17, 2016 10:09:14 午後 fvs.kitamura.FrameAnalyzer <init>
構成: Before getBufferedImage:C:\Users\Kitamura\Desktop\Fighters\FVS160517\DB\MVI_0131.MP4
5 17, 2016 10:09:14 午後 fvs.kitamura.FrameAnalyzer <init>
構成: After getBufferedImage:C:\Users\Kitamura\Desktop\Fighters\FVS160517\DB\MVI_0131.MP4
5 17, 2016 10:09:14 午後 fvs.kitamura.SortVideo <init>
構成: C:\Users\Kitamura\Desktop\Fighters\FVS160517\DB\MVI_0131.MP4:114
5 17, 2016 10:09:14 午後 fvs.kitamura.FrameAnalyzer <init>
構成: FFmpegFrameGrabber:C:\Users\Kitamura\Desktop\Fighters\FVS160517\DB\MVI_0132.MP4
5 17, 2016 10:09:14 午後 fvs.kitamura.FrameAnalyzer <init>
構成: Before getBufferedImage:C:\Users\Kitamura\Desktop\Fighters\FVS160517\DB\MVI_0132.MP4
5 17, 2016 10:09:14 午後 fvs.kitamura.FrameAnalyzer <init>
構成: After getBufferedImage:C:\Users\Kitamura\Desktop\Fighters\FVS160517\DB\MVI_0132.MP4
5 17, 2016 10:09:14 午後 fvs.kitamura.SortVideo <init>
構成: C:\Users\Kitamura\Desktop\Fighters\FVS160517\DB\MVI_0132.MP4:107
5 17, 2016 10:09:14 午後 fvs.kitamura.FrameAnalyzer <init>
構成: FFmpegFrameGrabber:C:\Users\Kitamura\Desktop\Fighters\FVS160517\DB\MVI_0133.MP4
5 17, 2016 10:09:14 午後 fvs.kitamura.FrameAnalyzer <init>
構成: Before getBufferedImage:C:\Users\Kitamura\Desktop\Fighters\FVS160517\DB\MVI_0133.MP4
5 17, 2016 10:09:14 午後 fvs.kitamura.FrameAnalyzer <init>
構成: After getBufferedImage:C:\Users\Kitamura\Desktop\Fighters\FVS160517\DB\MVI_0133.MP4
5 17, 2016 10:09:14 午後 fvs.kitamura.SortVideo <init>
構成: C:\Users\Kitamura\Desktop\Fighters\FVS160517\DB\MVI_0133.MP4:112
5 17, 2016 10:09:14 午後 fvs.kitamura.FrameAnalyzer <init>
構成: FFmpegFrameGrabber:C:\Users\Kitamura\Desktop\Fighters\FVS160517\DB\MVI_0134.MP4
5 17, 2016 10:09:14 午後 fvs.kitamura.FrameAnalyzer <init>
構成: Before getBufferedImage:C:\Users\Kitamura\Desktop\Fighters\FVS160517\DB\MVI_0134.MP4
5 17, 2016 10:09:14 午後 fvs.kitamura.FrameAnalyzer <init>
構成: After getBufferedImage:C:\Users\Kitamura\Desktop\Fighters\FVS160517\DB\MVI_0134.MP4
5 17, 2016 10:09:14 午後 fvs.kitamura.SortVideo <init>
構成: C:\Users\Kitamura\Desktop\Fighters\FVS160517\DB\MVI_0134.MP4:115
5 17, 2016 10:09:14 午後 fvs.kitamura.FrameAnalyzer <init>
構成: FFmpegFrameGrabber:C:\Users\Kitamura\Desktop\Fighters\FVS160517\DB\MVI_0135.MP4
5 17, 2016 10:09:15 午後 fvs.kitamura.FrameAnalyzer <init>
構成: Before getBufferedImage:C:\Users\Kitamura\Desktop\Fighters\FVS160517\DB\MVI_0135.MP4
5 17, 2016 10:09:15 午後 fvs.kitamura.FrameAnalyzer <init>
構成: After getBufferedImage:C:\Users\Kitamura\Desktop\Fighters\FVS160517\DB\MVI_0135.MP4
5 17, 2016 10:09:15 午後 fvs.kitamura.SortVideo <init>
構成: C:\Users\Kitamura\Desktop\Fighters\FVS160517\DB\MVI_0135.MP4:124
5 17, 2016 10:09:15 午後 fvs.kitamura.FrameAnalyzer <init>
構成: FFmpegFrameGrabber:C:\Users\Kitamura\Desktop\Fighters\FVS160517\DB\MVI_0136.MP4
5 17, 2016 10:09:15 午後 fvs.kitamura.FrameAnalyzer <init>
構成: Before getBufferedImage:C:\Users\Kitamura\Desktop\Fighters\FVS160517\DB\MVI_0136.MP4
5 17, 2016 10:09:15 午後 fvs.kitamura.FrameAnalyzer <init>
構成: After getBufferedImage:C:\Users\Kitamura\Desktop\Fighters\FVS160517\DB\MVI_0136.MP4
5 17, 2016 10:09:15 午後 fvs.kitamura.SortVideo <init>
構成: C:\Users\Kitamura\Desktop\Fighters\FVS160517\DB\MVI_0136.MP4:116
5 17, 2016 10:09:15 午後 fvs.kitamura.FrameAnalyzer <init>
構成: FFmpegFrameGrabber:C:\Users\Kitamura\Desktop\Fighters\FVS160517\DB\MVI_0137.MP4
5 17, 2016 10:09:15 午後 fvs.kitamura.FrameAnalyzer <init>
構成: Before getBufferedImage:C:\Users\Kitamura\Desktop\Fighters\FVS160517\DB\MVI_0137.MP4
5 17, 2016 10:09:15 午後 fvs.kitamura.FrameAnalyzer <init>
構成: After getBufferedImage:C:\Users\Kitamura\Desktop\Fighters\FVS160517\DB\MVI_0137.MP4
5 17, 2016 10:09:15 午後 fvs.kitamura.SortVideo <init>
構成: C:\Users\Kitamura\Desktop\Fighters\FVS160517\DB\MVI_0137.MP4:122
5 17, 2016 10:09:15 午後 fvs.kitamura.FrameAnalyzer <init>
構成: FFmpegFrameGrabber:C:\Users\Kitamura\Desktop\Fighters\FVS160517\DB\MVI_0138.MP4
5 17, 2016 10:09:15 午後 fvs.kitamura.FrameAnalyzer <init>
構成: Before getBufferedImage:C:\Users\Kitamura\Desktop\Fighters\FVS160517\DB\MVI_0138.MP4
5 17, 2016 10:09:15 午後 fvs.kitamura.FrameAnalyzer <init>
構成: After getBufferedImage:C:\Users\Kitamura\Desktop\Fighters\FVS160517\DB\MVI_0138.MP4
5 17, 2016 10:09:15 午後 fvs.kitamura.SortVideo <init>
構成: C:\Users\Kitamura\Desktop\Fighters\FVS160517\DB\MVI_0138.MP4:131
5 17, 2016 10:09:15 午後 fvs.kitamura.FrameAnalyzer <init>
構成: FFmpegFrameGrabber:C:\Users\Kitamura\Desktop\Fighters\FVS160517\DB\MVI_0139.MP4
5 17, 2016 10:09:15 午後 fvs.kitamura.FrameAnalyzer <init>
構成: Before getBufferedImage:C:\Users\Kitamura\Desktop\Fighters\FVS160517\DB\MVI_0139.MP4
5 17, 2016 10:09:15 午後 fvs.kitamura.FrameAnalyzer <init>
構成: After getBufferedImage:C:\Users\Kitamura\Desktop\Fighters\FVS160517\DB\MVI_0139.MP4
5 17, 2016 10:09:15 午後 fvs.kitamura.SortVideo <init>
構成: C:\Users\Kitamura\Desktop\Fighters\FVS160517\DB\MVI_0139.MP4:130
5 17, 2016 10:09:15 午後 fvs.kitamura.FrameAnalyzer <init>
構成: FFmpegFrameGrabber:C:\Users\Kitamura\Desktop\Fighters\FVS160517\DB\MVI_0140.MP4
5 17, 2016 10:09:15 午後 fvs.kitamura.FrameAnalyzer <init>
構成: Before getBufferedImage:C:\Users\Kitamura\Desktop\Fighters\FVS160517\DB\MVI_0140.MP4
5 17, 2016 10:09:15 午後 fvs.kitamura.FrameAnalyzer <init>
構成: After getBufferedImage:C:\Users\Kitamura\Desktop\Fighters\FVS160517\DB\MVI_0140.MP4
5 17, 2016 10:09:15 午後 fvs.kitamura.SortVideo <init>
構成: C:\Users\Kitamura\Desktop\Fighters\FVS160517\DB\MVI_0140.MP4:118
5 17, 2016 10:09:15 午後 fvs.kitamura.FrameAnalyzer <init>
構成: FFmpegFrameGrabber:C:\Users\Kitamura\Desktop\Fighters\FVS160517\DB\MVI_0141.MP4
5 17, 2016 10:09:15 午後 fvs.kitamura.FrameAnalyzer <init>
構成: Before getBufferedImage:C:\Users\Kitamura\Desktop\Fighters\FVS160517\DB\MVI_0141.MP4
5 17, 2016 10:09:15 午後 fvs.kitamura.FrameAnalyzer <init>
構成: After getBufferedImage:C:\Users\Kitamura\Desktop\Fighters\FVS160517\DB\MVI_0141.MP4
5 17, 2016 10:09:15 午後 fvs.kitamura.SortVideo <init>
構成: C:\Users\Kitamura\Desktop\Fighters\FVS160517\DB\MVI_0141.MP4:112
5 17, 2016 10:09:15 午後 fvs.kitamura.FrameAnalyzer <init>
構成: FFmpegFrameGrabber:C:\Users\Kitamura\Desktop\Fighters\FVS160517\DB\MVI_0142.MP4
5 17, 2016 10:09:15 午後 fvs.kitamura.FrameAnalyzer <init>
構成: Before getBufferedImage:C:\Users\Kitamura\Desktop\Fighters\FVS160517\DB\MVI_0142.MP4
5 17, 2016 10:09:15 午後 fvs.kitamura.FrameAnalyzer <init>
構成: After getBufferedImage:C:\Users\Kitamura\Desktop\Fighters\FVS160517\DB\MVI_0142.MP4
5 17, 2016 10:09:15 午後 fvs.kitamura.SortVideo <init>
構成: C:\Users\Kitamura\Desktop\Fighters\FVS160517\DB\MVI_0142.MP4:117
5 17, 2016 10:09:15 午後 fvs.kitamura.FrameAnalyzer <init>
構成: FFmpegFrameGrabber:C:\Users\Kitamura\Desktop\Fighters\FVS160517\DB\MVI_0143.MP4
5 17, 2016 10:09:15 午後 fvs.kitamura.FrameAnalyzer <init>
構成: Before getBufferedImage:C:\Users\Kitamura\Desktop\Fighters\FVS160517\DB\MVI_0143.MP4
5 17, 2016 10:09:15 午後 fvs.kitamura.FrameAnalyzer <init>
構成: After getBufferedImage:C:\Users\Kitamura\Desktop\Fighters\FVS160517\DB\MVI_0143.MP4
5 17, 2016 10:09:15 午後 fvs.kitamura.SortVideo <init>
構成: C:\Users\Kitamura\Desktop\Fighters\FVS160517\DB\MVI_0143.MP4:128
5 17, 2016 10:09:15 午後 fvs.kitamura.FrameAnalyzer <init>
構成: FFmpegFrameGrabber:C:\Users\Kitamura\Desktop\Fighters\FVS160517\DB\MVI_0144.MP4
5 17, 2016 10:09:16 午後 fvs.kitamura.FrameAnalyzer <init>
構成: Before getBufferedImage:C:\Users\Kitamura\Desktop\Fighters\FVS160517\DB\MVI_0144.MP4
5 17, 2016 10:09:16 午後 fvs.kitamura.FrameAnalyzer <init>
構成: After getBufferedImage:C:\Users\Kitamura\Desktop\Fighters\FVS160517\DB\MVI_0144.MP4
5 17, 2016 10:09:16 午後 fvs.kitamura.SortVideo <init>
構成: C:\Users\Kitamura\Desktop\Fighters\FVS160517\DB\MVI_0144.MP4:14
5 17, 2016 10:09:16 午後 fvs.kitamura.FrameAnalyzer <init>
構成: FFmpegFrameGrabber:C:\Users\Kitamura\Desktop\Fighters\FVS160517\DB\MVI_0145.MP4
5 17, 2016 10:09:16 午後 fvs.kitamura.FrameAnalyzer <init>
構成: Before getBufferedImage:C:\Users\Kitamura\Desktop\Fighters\FVS160517\DB\MVI_0145.MP4
5 17, 2016 10:09:16 午後 fvs.kitamura.FrameAnalyzer <init>
構成: After getBufferedImage:C:\Users\Kitamura\Desktop\Fighters\FVS160517\DB\MVI_0145.MP4
5 17, 2016 10:09:16 午後 fvs.kitamura.SortVideo <init>
構成: C:\Users\Kitamura\Desktop\Fighters\FVS160517\DB\MVI_0145.MP4:131
5 17, 2016 10:09:16 午後 fvs.kitamura.FrameAnalyzer <init>
構成: FFmpegFrameGrabber:C:\Users\Kitamura\Desktop\Fighters\FVS160517\DB\MVI_0146.MP4
5 17, 2016 10:09:16 午後 fvs.kitamura.FrameAnalyzer <init>
構成: Before getBufferedImage:C:\Users\Kitamura\Desktop\Fighters\FVS160517\DB\MVI_0146.MP4
5 17, 2016 10:09:16 午後 fvs.kitamura.FrameAnalyzer <init>
構成: After getBufferedImage:C:\Users\Kitamura\Desktop\Fighters\FVS160517\DB\MVI_0146.MP4
5 17, 2016 10:09:16 午後 fvs.kitamura.SortVideo <init>
構成: C:\Users\Kitamura\Desktop\Fighters\FVS160517\DB\MVI_0146.MP4:143
5 17, 2016 10:09:16 午後 fvs.kitamura.FrameAnalyzer <init>
構成: FFmpegFrameGrabber:C:\Users\Kitamura\Desktop\Fighters\FVS160517\DB\MVI_0147.MP4
5 17, 2016 10:09:16 午後 fvs.kitamura.FrameAnalyzer <init>
構成: Before getBufferedImage:C:\Users\Kitamura\Desktop\Fighters\FVS160517\DB\MVI_0147.MP4
5 17, 2016 10:09:16 午後 fvs.kitamura.FrameAnalyzer <init>
構成: After getBufferedImage:C:\Users\Kitamura\Desktop\Fighters\FVS160517\DB\MVI_0147.MP4
5 17, 2016 10:09:16 午後 fvs.kitamura.SortVideo <init>
構成: C:\Users\Kitamura\Desktop\Fighters\FVS160517\DB\MVI_0147.MP4:154
5 17, 2016 10:09:16 午後 fvs.kitamura.FrameAnalyzer <init>
構成: FFmpegFrameGrabber:C:\Users\Kitamura\Desktop\Fighters\FVS160517\DB\MVI_0148.MP4
5 17, 2016 10:09:16 午後 fvs.kitamura.FrameAnalyzer <init>
構成: Before getBufferedImage:C:\Users\Kitamura\Desktop\Fighters\FVS160517\DB\MVI_0148.MP4
5 17, 2016 10:09:16 午後 fvs.kitamura.FrameAnalyzer <init>
構成: After getBufferedImage:C:\Users\Kitamura\Desktop\Fighters\FVS160517\DB\MVI_0148.MP4
5 17, 2016 10:09:16 午後 fvs.kitamura.SortVideo <init>
構成: C:\Users\Kitamura\Desktop\Fighters\FVS160517\DB\MVI_0148.MP4:148
5 17, 2016 10:09:16 午後 fvs.kitamura.FrameAnalyzer <init>
構成: FFmpegFrameGrabber:C:\Users\Kitamura\Desktop\Fighters\FVS160517\DB\MVI_0149.MP4
5 17, 2016 10:09:16 午後 fvs.kitamura.FrameAnalyzer <init>
構成: Before getBufferedImage:C:\Users\Kitamura\Desktop\Fighters\FVS160517\DB\MVI_0149.MP4
5 17, 2016 10:09:16 午後 fvs.kitamura.FrameAnalyzer <init>
構成: After getBufferedImage:C:\Users\Kitamura\Desktop\Fighters\FVS160517\DB\MVI_0149.MP4
5 17, 2016 10:09:16 午後 fvs.kitamura.SortVideo <init>
構成: C:\Users\Kitamura\Desktop\Fighters\FVS160517\DB\MVI_0149.MP4:148
5 17, 2016 10:09:16 午後 fvs.kitamura.FrameAnalyzer <init>
構成: FFmpegFrameGrabber:C:\Users\Kitamura\Desktop\Fighters\FVS160517\DB\MVI_0150.MP4
5 17, 2016 10:09:16 午後 fvs.kitamura.FrameAnalyzer <init>
構成: Before getBufferedImage:C:\Users\Kitamura\Desktop\Fighters\FVS160517\DB\MVI_0150.MP4
5 17, 2016 10:09:16 午後 fvs.kitamura.FrameAnalyzer <init>
構成: After getBufferedImage:C:\Users\Kitamura\Desktop\Fighters\FVS160517\DB\MVI_0150.MP4
5 17, 2016 10:09:16 午後 fvs.kitamura.SortVideo <init>
構成: C:\Users\Kitamura\Desktop\Fighters\FVS160517\DB\MVI_0150.MP4:151
5 17, 2016 10:09:16 午後 fvs.kitamura.FrameAnalyzer <init>
構成: FFmpegFrameGrabber:C:\Users\Kitamura\Desktop\Fighters\FVS160517\DB\MVI_0151.MP4
5 17, 2016 10:09:16 午後 fvs.kitamura.FrameAnalyzer <init>
構成: Before getBufferedImage:C:\Users\Kitamura\Desktop\Fighters\FVS160517\DB\MVI_0151.MP4
5 17, 2016 10:09:16 午後 fvs.kitamura.FrameAnalyzer <init>
構成: After getBufferedImage:C:\Users\Kitamura\Desktop\Fighters\FVS160517\DB\MVI_0151.MP4
5 17, 2016 10:09:16 午後 fvs.kitamura.SortVideo <init>
構成: C:\Users\Kitamura\Desktop\Fighters\FVS160517\DB\MVI_0151.MP4:133
5 17, 2016 10:09:16 午後 fvs.kitamura.FrameAnalyzer <init>
構成: FFmpegFrameGrabber:C:\Users\Kitamura\Desktop\Fighters\FVS160517\DB\MVI_0152.MP4
5 17, 2016 10:09:16 午後 fvs.kitamura.FrameAnalyzer <init>
構成: Before getBufferedImage:C:\Users\Kitamura\Desktop\Fighters\FVS160517\DB\MVI_0152.MP4
5 17, 2016 10:09:16 午後 fvs.kitamura.FrameAnalyzer <init>
構成: After getBufferedImage:C:\Users\Kitamura\Desktop\Fighters\FVS160517\DB\MVI_0152.MP4
5 17, 2016 10:09:16 午後 fvs.kitamura.SortVideo <init>
構成: C:\Users\Kitamura\Desktop\Fighters\FVS160517\DB\MVI_0152.MP4:145
5 17, 2016 10:09:16 午後 fvs.kitamura.FrameAnalyzer <init>
構成: FFmpegFrameGrabber:C:\Users\Kitamura\Desktop\Fighters\FVS160517\DB\MVI_0153.MP4
5 17, 2016 10:09:16 午後 fvs.kitamura.FrameAnalyzer <init>
構成: Before getBufferedImage:C:\Users\Kitamura\Desktop\Fighters\FVS160517\DB\MVI_0153.MP4
5 17, 2016 10:09:16 午後 fvs.kitamura.FrameAnalyzer <init>
構成: After getBufferedImage:C:\Users\Kitamura\Desktop\Fighters\FVS160517\DB\MVI_0153.MP4
5 17, 2016 10:09:16 午後 fvs.kitamura.SortVideo <init>
構成: C:\Users\Kitamura\Desktop\Fighters\FVS160517\DB\MVI_0153.MP4:141
5 17, 2016 10:09:16 午後 fvs.kitamura.FrameAnalyzer <init>
構成: FFmpegFrameGrabber:C:\Users\Kitamura\Desktop\Fighters\FVS160517\DB\MVI_0154.MP4
5 17, 2016 10:09:16 午後 fvs.kitamura.FrameAnalyzer <init>
構成: Before getBufferedImage:C:\Users\Kitamura\Desktop\Fighters\FVS160517\DB\MVI_0154.MP4
5 17, 2016 10:09:16 午後 fvs.kitamura.FrameAnalyzer <init>
構成: After getBufferedImage:C:\Users\Kitamura\Desktop\Fighters\FVS160517\DB\MVI_0154.MP4
5 17, 2016 10:09:16 午後 fvs.kitamura.SortVideo <init>
構成: C:\Users\Kitamura\Desktop\Fighters\FVS160517\DB\MVI_0154.MP4:148
5 17, 2016 10:09:16 午後 fvs.kitamura.FrameAnalyzer <init>
構成: FFmpegFrameGrabber:C:\Users\Kitamura\Desktop\Fighters\FVS160517\DB\MVI_0155.MP4
5 17, 2016 10:09:17 午後 fvs.kitamura.FrameAnalyzer <init>
構成: Before getBufferedImage:C:\Users\Kitamura\Desktop\Fighters\FVS160517\DB\MVI_0155.MP4
5 17, 2016 10:09:17 午後 fvs.kitamura.FrameAnalyzer <init>
構成: After getBufferedImage:C:\Users\Kitamura\Desktop\Fighters\FVS160517\DB\MVI_0155.MP4
5 17, 2016 10:09:17 午後 fvs.kitamura.SortVideo <init>
構成: C:\Users\Kitamura\Desktop\Fighters\FVS160517\DB\MVI_0155.MP4:113
5 17, 2016 10:09:17 午後 fvs.kitamura.FrameAnalyzer <init>
構成: FFmpegFrameGrabber:C:\Users\Kitamura\Desktop\Fighters\FVS160517\DB\MVI_0156.MP4
5 17, 2016 10:09:17 午後 fvs.kitamura.FrameAnalyzer <init>
構成: Before getBufferedImage:C:\Users\Kitamura\Desktop\Fighters\FVS160517\DB\MVI_0156.MP4
5 17, 2016 10:09:17 午後 fvs.kitamura.FrameAnalyzer <init>
構成: After getBufferedImage:C:\Users\Kitamura\Desktop\Fighters\FVS160517\DB\MVI_0156.MP4
5 17, 2016 10:09:17 午後 fvs.kitamura.SortVideo <init>
構成: C:\Users\Kitamura\Desktop\Fighters\FVS160517\DB\MVI_0156.MP4:118
5 17, 2016 10:09:17 午後 fvs.kitamura.FrameAnalyzer <init>
構成: FFmpegFrameGrabber:C:\Users\Kitamura\Desktop\Fighters\FVS160517\DB\MVI_0157.MP4
5 17, 2016 10:09:17 午後 fvs.kitamura.FrameAnalyzer <init>
構成: Before getBufferedImage:C:\Users\Kitamura\Desktop\Fighters\FVS160517\DB\MVI_0157.MP4
5 17, 2016 10:09:17 午後 fvs.kitamura.FrameAnalyzer <init>
構成: After getBufferedImage:C:\Users\Kitamura\Desktop\Fighters\FVS160517\DB\MVI_0157.MP4
5 17, 2016 10:09:17 午後 fvs.kitamura.SortVideo <init>
構成: C:\Users\Kitamura\Desktop\Fighters\FVS160517\DB\MVI_0157.MP4:128
5 17, 2016 10:09:17 午後 fvs.kitamura.FrameAnalyzer <init>
構成: FFmpegFrameGrabber:C:\Users\Kitamura\Desktop\Fighters\FVS160517\DB\MVI_0158.MP4
5 17, 2016 10:09:17 午後 fvs.kitamura.FrameAnalyzer <init>
構成: Before getBufferedImage:C:\Users\Kitamura\Desktop\Fighters\FVS160517\DB\MVI_0158.MP4
5 17, 2016 10:09:17 午後 fvs.kitamura.FrameAnalyzer <init>
構成: After getBufferedImage:C:\Users\Kitamura\Desktop\Fighters\FVS160517\DB\MVI_0158.MP4
5 17, 2016 10:09:17 午後 fvs.kitamura.SortVideo <init>
構成: C:\Users\Kitamura\Desktop\Fighters\FVS160517\DB\MVI_0158.MP4:126
5 17, 2016 10:09:17 午後 fvs.kitamura.FrameAnalyzer <init>
構成: FFmpegFrameGrabber:C:\Users\Kitamura\Desktop\Fighters\FVS160517\DB\MVI_0159.MP4
5 17, 2016 10:09:17 午後 fvs.kitamura.FrameAnalyzer <init>
構成: Before getBufferedImage:C:\Users\Kitamura\Desktop\Fighters\FVS160517\DB\MVI_0159.MP4
5 17, 2016 10:09:17 午後 fvs.kitamura.FrameAnalyzer <init>
構成: After getBufferedImage:C:\Users\Kitamura\Desktop\Fighters\FVS160517\DB\MVI_0159.MP4
5 17, 2016 10:09:17 午後 fvs.kitamura.SortVideo <init>
構成: C:\Users\Kitamura\Desktop\Fighters\FVS160517\DB\MVI_0159.MP4:5
5 17, 2016 10:09:17 午後 fvs.kitamura.FrameAnalyzer <init>
構成: FFmpegFrameGrabber:C:\Users\Kitamura\Desktop\Fighters\FVS160517\DB\MVI_0160.MP4
5 17, 2016 10:09:17 午後 fvs.kitamura.FrameAnalyzer <init>
構成: Before getBufferedImage:C:\Users\Kitamura\Desktop\Fighters\FVS160517\DB\MVI_0160.MP4
5 17, 2016 10:09:17 午後 fvs.kitamura.FrameAnalyzer <init>
構成: After getBufferedImage:C:\Users\Kitamura\Desktop\Fighters\FVS160517\DB\MVI_0160.MP4
5 17, 2016 10:09:17 午後 fvs.kitamura.SortVideo <init>
構成: C:\Users\Kitamura\Desktop\Fighters\FVS160517\DB\MVI_0160.MP4:130
5 17, 2016 10:09:17 午後 fvs.kitamura.FrameAnalyzer <init>
構成: FFmpegFrameGrabber:C:\Users\Kitamura\Desktop\Fighters\FVS160517\DB\MVI_0161.MP4
5 17, 2016 10:09:17 午後 fvs.kitamura.FrameAnalyzer <init>
構成: Before getBufferedImage:C:\Users\Kitamura\Desktop\Fighters\FVS160517\DB\MVI_0161.MP4
5 17, 2016 10:09:17 午後 fvs.kitamura.FrameAnalyzer <init>
構成: After getBufferedImage:C:\Users\Kitamura\Desktop\Fighters\FVS160517\DB\MVI_0161.MP4
5 17, 2016 10:09:17 午後 fvs.kitamura.SortVideo <init>
構成: C:\Users\Kitamura\Desktop\Fighters\FVS160517\DB\MVI_0161.MP4:122
5 17, 2016 10:09:17 午後 fvs.kitamura.FrameAnalyzer <init>
構成: FFmpegFrameGrabber:C:\Users\Kitamura\Desktop\Fighters\FVS160517\DB\MVI_0162.MP4
5 17, 2016 10:09:17 午後 fvs.kitamura.FrameAnalyzer <init>
構成: Before getBufferedImage:C:\Users\Kitamura\Desktop\Fighters\FVS160517\DB\MVI_0162.MP4
5 17, 2016 10:09:17 午後 fvs.kitamura.FrameAnalyzer <init>
構成: After getBufferedImage:C:\Users\Kitamura\Desktop\Fighters\FVS160517\DB\MVI_0162.MP4
5 17, 2016 10:09:17 午後 fvs.kitamura.SortVideo <init>
構成: C:\Users\Kitamura\Desktop\Fighters\FVS160517\DB\MVI_0162.MP4:119
5 17, 2016 10:09:17 午後 fvs.kitamura.FrameAnalyzer <init>
構成: FFmpegFrameGrabber:C:\Users\Kitamura\Desktop\Fighters\FVS160517\DB\MVI_0163.MP4
5 17, 2016 10:09:17 午後 fvs.kitamura.FrameAnalyzer <init>
構成: Before getBufferedImage:C:\Users\Kitamura\Desktop\Fighters\FVS160517\DB\MVI_0163.MP4
5 17, 2016 10:09:17 午後 fvs.kitamura.FrameAnalyzer <init>
構成: After getBufferedImage:C:\Users\Kitamura\Desktop\Fighters\FVS160517\DB\MVI_0163.MP4
5 17, 2016 10:09:17 午後 fvs.kitamura.SortVideo <init>
構成: C:\Users\Kitamura\Desktop\Fighters\FVS160517\DB\MVI_0163.MP4:109
5 17, 2016 10:09:17 午後 fvs.kitamura.FrameAnalyzer <init>
構成: FFmpegFrameGrabber:C:\Users\Kitamura\Desktop\Fighters\FVS160517\DB\MVI_0164.MP4
5 17, 2016 10:09:17 午後 fvs.kitamura.FrameAnalyzer <init>
構成: Before getBufferedImage:C:\Users\Kitamura\Desktop\Fighters\FVS160517\DB\MVI_0164.MP4
5 17, 2016 10:09:17 午後 fvs.kitamura.FrameAnalyzer <init>
構成: After getBufferedImage:C:\Users\Kitamura\Desktop\Fighters\FVS160517\DB\MVI_0164.MP4
5 17, 2016 10:09:17 午後 fvs.kitamura.SortVideo <init>
構成: C:\Users\Kitamura\Desktop\Fighters\FVS160517\DB\MVI_0164.MP4:113
5 17, 2016 10:09:17 午後 fvs.kitamura.FrameAnalyzer <init>
構成: FFmpegFrameGrabber:C:\Users\Kitamura\Desktop\Fighters\FVS160517\DB\MVI_0165.MP4
5 17, 2016 10:09:17 午後 fvs.kitamura.FrameAnalyzer <init>
構成: Before getBufferedImage:C:\Users\Kitamura\Desktop\Fighters\FVS160517\DB\MVI_0165.MP4
5 17, 2016 10:09:17 午後 fvs.kitamura.FrameAnalyzer <init>
構成: After getBufferedImage:C:\Users\Kitamura\Desktop\Fighters\FVS160517\DB\MVI_0165.MP4
5 17, 2016 10:09:17 午後 fvs.kitamura.SortVideo <init>
構成: C:\Users\Kitamura\Desktop\Fighters\FVS160517\DB\MVI_0165.MP4:117
5 17, 2016 10:09:17 午後 fvs.kitamura.FrameAnalyzer <init>
構成: FFmpegFrameGrabber:C:\Users\Kitamura\Desktop\Fighters\FVS160517\DB\MVI_0166.MP4
5 17, 2016 10:09:18 午後 fvs.kitamura.FrameAnalyzer <init>
構成: Before getBufferedImage:C:\Users\Kitamura\Desktop\Fighters\FVS160517\DB\MVI_0166.MP4
5 17, 2016 10:09:18 午後 fvs.kitamura.FrameAnalyzer <init>
構成: After getBufferedImage:C:\Users\Kitamura\Desktop\Fighters\FVS160517\DB\MVI_0166.MP4
5 17, 2016 10:09:18 午後 fvs.kitamura.SortVideo <init>
構成: C:\Users\Kitamura\Desktop\Fighters\FVS160517\DB\MVI_0166.MP4:108
5 17, 2016 10:09:18 午後 fvs.kitamura.FrameAnalyzer <init>
構成: FFmpegFrameGrabber:C:\Users\Kitamura\Desktop\Fighters\FVS160517\DB\MVI_0167.MP4
5 17, 2016 10:09:18 午後 fvs.kitamura.FrameAnalyzer <init>
構成: Before getBufferedImage:C:\Users\Kitamura\Desktop\Fighters\FVS160517\DB\MVI_0167.MP4
5 17, 2016 10:09:18 午後 fvs.kitamura.FrameAnalyzer <init>
構成: After getBufferedImage:C:\Users\Kitamura\Desktop\Fighters\FVS160517\DB\MVI_0167.MP4
5 17, 2016 10:09:18 午後 fvs.kitamura.SortVideo <init>
構成: C:\Users\Kitamura\Desktop\Fighters\FVS160517\DB\MVI_0167.MP4:125
5 17, 2016 10:09:18 午後 fvs.kitamura.FrameAnalyzer <init>
構成: FFmpegFrameGrabber:C:\Users\Kitamura\Desktop\Fighters\FVS160517\DB\MVI_0168.MP4
5 17, 2016 10:09:18 午後 fvs.kitamura.FrameAnalyzer <init>
構成: Before getBufferedImage:C:\Users\Kitamura\Desktop\Fighters\FVS160517\DB\MVI_0168.MP4
5 17, 2016 10:09:18 午後 fvs.kitamura.FrameAnalyzer <init>
構成: After getBufferedImage:C:\Users\Kitamura\Desktop\Fighters\FVS160517\DB\MVI_0168.MP4
5 17, 2016 10:09:18 午後 fvs.kitamura.SortVideo <init>
構成: C:\Users\Kitamura\Desktop\Fighters\FVS160517\DB\MVI_0168.MP4:128
5 17, 2016 10:09:18 午後 fvs.kitamura.FrameAnalyzer <init>
構成: FFmpegFrameGrabber:C:\Users\Kitamura\Desktop\Fighters\FVS160517\DB\MVI_0169.MP4
5 17, 2016 10:09:18 午後 fvs.kitamura.FrameAnalyzer <init>
構成: Before getBufferedImage:C:\Users\Kitamura\Desktop\Fighters\FVS160517\DB\MVI_0169.MP4
5 17, 2016 10:09:18 午後 fvs.kitamura.FrameAnalyzer <init>
構成: After getBufferedImage:C:\Users\Kitamura\Desktop\Fighters\FVS160517\DB\MVI_0169.MP4
5 17, 2016 10:09:18 午後 fvs.kitamura.SortVideo <init>
構成: C:\Users\Kitamura\Desktop\Fighters\FVS160517\DB\MVI_0169.MP4:115
5 17, 2016 10:09:18 午後 fvs.kitamura.FrameAnalyzer <init>
構成: FFmpegFrameGrabber:C:\Users\Kitamura\Desktop\Fighters\FVS160517\DB\MVI_0170.MP4
5 17, 2016 10:09:18 午後 fvs.kitamura.FrameAnalyzer <init>
構成: Before getBufferedImage:C:\Users\Kitamura\Desktop\Fighters\FVS160517\DB\MVI_0170.MP4
5 17, 2016 10:09:18 午後 fvs.kitamura.FrameAnalyzer <init>
構成: After getBufferedImage:C:\Users\Kitamura\Desktop\Fighters\FVS160517\DB\MVI_0170.MP4
5 17, 2016 10:09:18 午後 fvs.kitamura.SortVideo <init>
構成: C:\Users\Kitamura\Desktop\Fighters\FVS160517\DB\MVI_0170.MP4:107
5 17, 2016 10:09:18 午後 fvs.kitamura.FrameAnalyzer <init>
構成: FFmpegFrameGrabber:C:\Users\Kitamura\Desktop\Fighters\FVS160517\DB\MVI_0171.MP4
5 17, 2016 10:09:18 午後 fvs.kitamura.FrameAnalyzer <init>
構成: Before getBufferedImage:C:\Users\Kitamura\Desktop\Fighters\FVS160517\DB\MVI_0171.MP4
5 17, 2016 10:09:18 午後 fvs.kitamura.FrameAnalyzer <init>
構成: After getBufferedImage:C:\Users\Kitamura\Desktop\Fighters\FVS160517\DB\MVI_0171.MP4
5 17, 2016 10:09:18 午後 fvs.kitamura.SortVideo <init>
構成: C:\Users\Kitamura\Desktop\Fighters\FVS160517\DB\MVI_0171.MP4:109
5 17, 2016 10:09:18 午後 fvs.kitamura.FrameAnalyzer <init>
構成: FFmpegFrameGrabber:C:\Users\Kitamura\Desktop\Fighters\FVS160517\DB\MVI_0172.MP4
5 17, 2016 10:09:18 午後 fvs.kitamura.FrameAnalyzer <init>
構成: Before getBufferedImage:C:\Users\Kitamura\Desktop\Fighters\FVS160517\DB\MVI_0172.MP4
5 17, 2016 10:09:18 午後 fvs.kitamura.FrameAnalyzer <init>
構成: After getBufferedImage:C:\Users\Kitamura\Desktop\Fighters\FVS160517\DB\MVI_0172.MP4
5 17, 2016 10:09:18 午後 fvs.kitamura.SortVideo <init>
構成: C:\Users\Kitamura\Desktop\Fighters\FVS160517\DB\MVI_0172.MP4:116
5 17, 2016 10:09:18 午後 fvs.kitamura.FrameAnalyzer <init>
構成: FFmpegFrameGrabber:C:\Users\Kitamura\Desktop\Fighters\FVS160517\DB\MVI_0173.MP4
5 17, 2016 10:09:18 午後 fvs.kitamura.FrameAnalyzer <init>
構成: Before getBufferedImage:C:\Users\Kitamura\Desktop\Fighters\FVS160517\DB\MVI_0173.MP4
5 17, 2016 10:09:18 午後 fvs.kitamura.FrameAnalyzer <init>
構成: After getBufferedImage:C:\Users\Kitamura\Desktop\Fighters\FVS160517\DB\MVI_0173.MP4
5 17, 2016 10:09:18 午後 fvs.kitamura.SortVideo <init>
構成: C:\Users\Kitamura\Desktop\Fighters\FVS160517\DB\MVI_0173.MP4:112
5 17, 2016 10:09:18 午後 fvs.kitamura.FrameAnalyzer <init>
構成: FFmpegFrameGrabber:C:\Users\Kitamura\Desktop\Fighters\FVS160517\DB\MVI_0174.MP4
5 17, 2016 10:09:18 午後 fvs.kitamura.FrameAnalyzer <init>
構成: Before getBufferedImage:C:\Users\Kitamura\Desktop\Fighters\FVS160517\DB\MVI_0174.MP4
5 17, 2016 10:09:18 午後 fvs.kitamura.FrameAnalyzer <init>
構成: After getBufferedImage:C:\Users\Kitamura\Desktop\Fighters\FVS160517\DB\MVI_0174.MP4
5 17, 2016 10:09:18 午後 fvs.kitamura.SortVideo <init>
構成: C:\Users\Kitamura\Desktop\Fighters\FVS160517\DB\MVI_0174.MP4:120
5 17, 2016 10:09:18 午後 fvs.kitamura.FrameAnalyzer <init>
構成: FFmpegFrameGrabber:C:\Users\Kitamura\Desktop\Fighters\FVS160517\DB\MVI_0175.MP4
5 17, 2016 10:09:18 午後 fvs.kitamura.FrameAnalyzer <init>
構成: Before getBufferedImage:C:\Users\Kitamura\Desktop\Fighters\FVS160517\DB\MVI_0175.MP4
5 17, 2016 10:09:18 午後 fvs.kitamura.FrameAnalyzer <init>
構成: After getBufferedImage:C:\Users\Kitamura\Desktop\Fighters\FVS160517\DB\MVI_0175.MP4
5 17, 2016 10:09:18 午後 fvs.kitamura.SortVideo <init>
構成: C:\Users\Kitamura\Desktop\Fighters\FVS160517\DB\MVI_0175.MP4:124
5 17, 2016 10:09:18 午後 fvs.kitamura.FrameAnalyzer <init>
構成: FFmpegFrameGrabber:C:\Users\Kitamura\Desktop\Fighters\FVS160517\DB\MVI_0176.MP4
5 17, 2016 10:09:18 午後 fvs.kitamura.FrameAnalyzer <init>
構成: Before getBufferedImage:C:\Users\Kitamura\Desktop\Fighters\FVS160517\DB\MVI_0176.MP4
5 17, 2016 10:09:18 午後 fvs.kitamura.FrameAnalyzer <init>
構成: After getBufferedImage:C:\Users\Kitamura\Desktop\Fighters\FVS160517\DB\MVI_0176.MP4
5 17, 2016 10:09:18 午後 fvs.kitamura.SortVideo <init>
構成: C:\Users\Kitamura\Desktop\Fighters\FVS160517\DB\MVI_0176.MP4:111
5 17, 2016 10:09:18 午後 fvs.kitamura.FrameAnalyzer <init>
構成: FFmpegFrameGrabber:C:\Users\Kitamura\Desktop\Fighters\FVS160517\DB\MVI_0177.MP4
5 17, 2016 10:09:19 午後 fvs.kitamura.FrameAnalyzer <init>
構成: Before getBufferedImage:C:\Users\Kitamura\Desktop\Fighters\FVS160517\DB\MVI_0177.MP4
5 17, 2016 10:09:19 午後 fvs.kitamura.FrameAnalyzer <init>
構成: After getBufferedImage:C:\Users\Kitamura\Desktop\Fighters\FVS160517\DB\MVI_0177.MP4
5 17, 2016 10:09:19 午後 fvs.kitamura.SortVideo <init>
構成: C:\Users\Kitamura\Desktop\Fighters\FVS160517\DB\MVI_0177.MP4:126
5 17, 2016 10:09:19 午後 fvs.kitamura.FrameAnalyzer <init>
構成: FFmpegFrameGrabber:C:\Users\Kitamura\Desktop\Fighters\FVS160517\DB\MVI_0178.MP4
5 17, 2016 10:09:19 午後 fvs.kitamura.FrameAnalyzer <init>
構成: Before getBufferedImage:C:\Users\Kitamura\Desktop\Fighters\FVS160517\DB\MVI_0178.MP4
5 17, 2016 10:09:19 午後 fvs.kitamura.FrameAnalyzer <init>
構成: After getBufferedImage:C:\Users\Kitamura\Desktop\Fighters\FVS160517\DB\MVI_0178.MP4
5 17, 2016 10:09:19 午後 fvs.kitamura.SortVideo <init>
構成: C:\Users\Kitamura\Desktop\Fighters\FVS160517\DB\MVI_0178.MP4:113
5 17, 2016 10:09:19 午後 fvs.kitamura.FrameAnalyzer <init>
構成: FFmpegFrameGrabber:C:\Users\Kitamura\Desktop\Fighters\FVS160517\DB\MVI_0179.MP4
5 17, 2016 10:09:19 午後 fvs.kitamura.FrameAnalyzer <init>
構成: Before getBufferedImage:C:\Users\Kitamura\Desktop\Fighters\FVS160517\DB\MVI_0179.MP4
5 17, 2016 10:09:19 午後 fvs.kitamura.FrameAnalyzer <init>
構成: After getBufferedImage:C:\Users\Kitamura\Desktop\Fighters\FVS160517\DB\MVI_0179.MP4
5 17, 2016 10:09:19 午後 fvs.kitamura.SortVideo <init>
構成: C:\Users\Kitamura\Desktop\Fighters\FVS160517\DB\MVI_0179.MP4:110
5 17, 2016 10:09:19 午後 fvs.kitamura.FrameAnalyzer <init>
構成: FFmpegFrameGrabber:C:\Users\Kitamura\Desktop\Fighters\FVS160517\DB\MVI_0180.MP4
5 17, 2016 10:09:19 午後 fvs.kitamura.FrameAnalyzer <init>
構成: Before getBufferedImage:C:\Users\Kitamura\Desktop\Fighters\FVS160517\DB\MVI_0180.MP4
5 17, 2016 10:09:19 午後 fvs.kitamura.FrameAnalyzer <init>
構成: After getBufferedImage:C:\Users\Kitamura\Desktop\Fighters\FVS160517\DB\MVI_0180.MP4
5 17, 2016 10:09:19 午後 fvs.kitamura.SortVideo <init>
構成: C:\Users\Kitamura\Desktop\Fighters\FVS160517\DB\MVI_0180.MP4:112
5 17, 2016 10:09:19 午後 fvs.kitamura.FrameAnalyzer <init>
構成: FFmpegFrameGrabber:C:\Users\Kitamura\Desktop\Fighters\FVS160517\DB\MVI_0181.MP4
5 17, 2016 10:09:19 午後 fvs.kitamura.FrameAnalyzer <init>
構成: Before getBufferedImage:C:\Users\Kitamura\Desktop\Fighters\FVS160517\DB\MVI_0181.MP4
5 17, 2016 10:09:19 午後 fvs.kitamura.FrameAnalyzer <init>
構成: After getBufferedImage:C:\Users\Kitamura\Desktop\Fighters\FVS160517\DB\MVI_0181.MP4
5 17, 2016 10:09:19 午後 fvs.kitamura.SortVideo <init>
構成: C:\Users\Kitamura\Desktop\Fighters\FVS160517\DB\MVI_0181.MP4:110
5 17, 2016 10:09:19 午後 fvs.kitamura.FrameAnalyzer <init>
構成: FFmpegFrameGrabber:C:\Users\Kitamura\Desktop\Fighters\FVS160517\DB\MVI_0182.MP4
5 17, 2016 10:09:19 午後 fvs.kitamura.FrameAnalyzer <init>
構成: Before getBufferedImage:C:\Users\Kitamura\Desktop\Fighters\FVS160517\DB\MVI_0182.MP4
5 17, 2016 10:09:19 午後 fvs.kitamura.FrameAnalyzer <init>
構成: After getBufferedImage:C:\Users\Kitamura\Desktop\Fighters\FVS160517\DB\MVI_0182.MP4
5 17, 2016 10:09:19 午後 fvs.kitamura.SortVideo <init>
構成: C:\Users\Kitamura\Desktop\Fighters\FVS160517\DB\MVI_0182.MP4:107
5 17, 2016 10:09:19 午後 fvs.kitamura.FrameAnalyzer <init>
構成: FFmpegFrameGrabber:C:\Users\Kitamura\Desktop\Fighters\FVS160517\DB\MVI_0183.MP4
5 17, 2016 10:09:19 午後 fvs.kitamura.FrameAnalyzer <init>
構成: Before getBufferedImage:C:\Users\Kitamura\Desktop\Fighters\FVS160517\DB\MVI_0183.MP4
5 17, 2016 10:09:19 午後 fvs.kitamura.FrameAnalyzer <init>
構成: After getBufferedImage:C:\Users\Kitamura\Desktop\Fighters\FVS160517\DB\MVI_0183.MP4
5 17, 2016 10:09:19 午後 fvs.kitamura.SortVideo <init>
構成: C:\Users\Kitamura\Desktop\Fighters\FVS160517\DB\MVI_0183.MP4:119
5 17, 2016 10:09:19 午後 fvs.kitamura.FrameAnalyzer <init>
構成: FFmpegFrameGrabber:C:\Users\Kitamura\Desktop\Fighters\FVS160517\DB\MVI_0184.MP4
5 17, 2016 10:09:19 午後 fvs.kitamura.FrameAnalyzer <init>
構成: Before getBufferedImage:C:\Users\Kitamura\Desktop\Fighters\FVS160517\DB\MVI_0184.MP4
5 17, 2016 10:09:19 午後 fvs.kitamura.FrameAnalyzer <init>
構成: After getBufferedImage:C:\Users\Kitamura\Desktop\Fighters\FVS160517\DB\MVI_0184.MP4
5 17, 2016 10:09:19 午後 fvs.kitamura.SortVideo <init>
構成: C:\Users\Kitamura\Desktop\Fighters\FVS160517\DB\MVI_0184.MP4:114
5 17, 2016 10:09:19 午後 fvs.kitamura.FrameAnalyzer <init>
構成: FFmpegFrameGrabber:C:\Users\Kitamura\Desktop\Fighters\FVS160517\DB\MVI_0185.MP4
5 17, 2016 10:09:19 午後 fvs.kitamura.FrameAnalyzer <init>
構成: Before getBufferedImage:C:\Users\Kitamura\Desktop\Fighters\FVS160517\DB\MVI_0185.MP4
5 17, 2016 10:09:19 午後 fvs.kitamura.FrameAnalyzer <init>
構成: After getBufferedImage:C:\Users\Kitamura\Desktop\Fighters\FVS160517\DB\MVI_0185.MP4
5 17, 2016 10:09:19 午後 fvs.kitamura.SortVideo <init>
構成: C:\Users\Kitamura\Desktop\Fighters\FVS160517\DB\MVI_0185.MP4:113
5 17, 2016 10:09:19 午後 fvs.kitamura.FrameAnalyzer <init>
構成: FFmpegFrameGrabber:C:\Users\Kitamura\Desktop\Fighters\FVS160517\DB\MVI_0186.MP4
5 17, 2016 10:09:19 午後 fvs.kitamura.FrameAnalyzer <init>
構成: Before getBufferedImage:C:\Users\Kitamura\Desktop\Fighters\FVS160517\DB\MVI_0186.MP4
5 17, 2016 10:09:19 午後 fvs.kitamura.FrameAnalyzer <init>
構成: After getBufferedImage:C:\Users\Kitamura\Desktop\Fighters\FVS160517\DB\MVI_0186.MP4
5 17, 2016 10:09:19 午後 fvs.kitamura.SortVideo <init>
構成: C:\Users\Kitamura\Desktop\Fighters\FVS160517\DB\MVI_0186.MP4:113
5 17, 2016 10:09:19 午後 fvs.kitamura.FrameAnalyzer <init>
構成: FFmpegFrameGrabber:C:\Users\Kitamura\Desktop\Fighters\FVS160517\DB\MVI_0187.MP4
5 17, 2016 10:09:19 午後 fvs.kitamura.FrameAnalyzer <init>
構成: Before getBufferedImage:C:\Users\Kitamura\Desktop\Fighters\FVS160517\DB\MVI_0187.MP4
5 17, 2016 10:09:19 午後 fvs.kitamura.FrameAnalyzer <init>
構成: After getBufferedImage:C:\Users\Kitamura\Desktop\Fighters\FVS160517\DB\MVI_0187.MP4
5 17, 2016 10:09:19 午後 fvs.kitamura.SortVideo <init>
構成: C:\Users\Kitamura\Desktop\Fighters\FVS160517\DB\MVI_0187.MP4:115
5 17, 2016 10:09:19 午後 fvs.kitamura.FrameAnalyzer <init>
構成: FFmpegFrameGrabber:C:\Users\Kitamura\Desktop\Fighters\FVS160517\DB\MVI_0188.MP4
5 17, 2016 10:09:20 午後 fvs.kitamura.FrameAnalyzer <init>
構成: Before getBufferedImage:C:\Users\Kitamura\Desktop\Fighters\FVS160517\DB\MVI_0188.MP4
5 17, 2016 10:09:20 午後 fvs.kitamura.FrameAnalyzer <init>
構成: After getBufferedImage:C:\Users\Kitamura\Desktop\Fighters\FVS160517\DB\MVI_0188.MP4
5 17, 2016 10:09:20 午後 fvs.kitamura.SortVideo <init>
構成: C:\Users\Kitamura\Desktop\Fighters\FVS160517\DB\MVI_0188.MP4:110
5 17, 2016 10:09:20 午後 fvs.kitamura.FrameAnalyzer <init>
構成: FFmpegFrameGrabber:C:\Users\Kitamura\Desktop\Fighters\FVS160517\DB\MVI_0189.MP4
5 17, 2016 10:09:20 午後 fvs.kitamura.FrameAnalyzer <init>
構成: Before getBufferedImage:C:\Users\Kitamura\Desktop\Fighters\FVS160517\DB\MVI_0189.MP4
5 17, 2016 10:09:20 午後 fvs.kitamura.FrameAnalyzer <init>
構成: After getBufferedImage:C:\Users\Kitamura\Desktop\Fighters\FVS160517\DB\MVI_0189.MP4
5 17, 2016 10:09:20 午後 fvs.kitamura.SortVideo <init>
構成: C:\Users\Kitamura\Desktop\Fighters\FVS160517\DB\MVI_0189.MP4:118
5 17, 2016 10:09:20 午後 fvs.kitamura.FrameAnalyzer <init>
構成: FFmpegFrameGrabber:C:\Users\Kitamura\Desktop\Fighters\FVS160517\DB\MVI_0190.MP4
5 17, 2016 10:09:20 午後 fvs.kitamura.FrameAnalyzer <init>
構成: Before getBufferedImage:C:\Users\Kitamura\Desktop\Fighters\FVS160517\DB\MVI_0190.MP4
5 17, 2016 10:09:20 午後 fvs.kitamura.FrameAnalyzer <init>
構成: After getBufferedImage:C:\Users\Kitamura\Desktop\Fighters\FVS160517\DB\MVI_0190.MP4
5 17, 2016 10:09:20 午後 fvs.kitamura.SortVideo <init>
構成: C:\Users\Kitamura\Desktop\Fighters\FVS160517\DB\MVI_0190.MP4:115
5 17, 2016 10:09:20 午後 fvs.kitamura.FrameAnalyzer <init>
構成: FFmpegFrameGrabber:C:\Users\Kitamura\Desktop\Fighters\FVS160517\DB\MVI_0191.MP4
5 17, 2016 10:09:20 午後 fvs.kitamura.FrameAnalyzer <init>
構成: Before getBufferedImage:C:\Users\Kitamura\Desktop\Fighters\FVS160517\DB\MVI_0191.MP4
5 17, 2016 10:09:20 午後 fvs.kitamura.FrameAnalyzer <init>
構成: After getBufferedImage:C:\Users\Kitamura\Desktop\Fighters\FVS160517\DB\MVI_0191.MP4
5 17, 2016 10:09:20 午後 fvs.kitamura.SortVideo <init>
構成: C:\Users\Kitamura\Desktop\Fighters\FVS160517\DB\MVI_0191.MP4:118
5 17, 2016 10:09:20 午後 fvs.kitamura.FrameAnalyzer <init>
構成: FFmpegFrameGrabber:C:\Users\Kitamura\Desktop\Fighters\FVS160517\DB\MVI_0192.MP4
5 17, 2016 10:09:20 午後 fvs.kitamura.FrameAnalyzer <init>
構成: Before getBufferedImage:C:\Users\Kitamura\Desktop\Fighters\FVS160517\DB\MVI_0192.MP4
5 17, 2016 10:09:20 午後 fvs.kitamura.FrameAnalyzer <init>
構成: After getBufferedImage:C:\Users\Kitamura\Desktop\Fighters\FVS160517\DB\MVI_0192.MP4
5 17, 2016 10:09:20 午後 fvs.kitamura.SortVideo <init>
構成: C:\Users\Kitamura\Desktop\Fighters\FVS160517\DB\MVI_0192.MP4:10
5 17, 2016 10:09:20 午後 fvs.kitamura.FrameAnalyzer <init>
構成: FFmpegFrameGrabber:C:\Users\Kitamura\Desktop\Fighters\FVS160517\DB\MVI_0193.MP4
5 17, 2016 10:09:20 午後 fvs.kitamura.FrameAnalyzer <init>
構成: Before getBufferedImage:C:\Users\Kitamura\Desktop\Fighters\FVS160517\DB\MVI_0193.MP4
5 17, 2016 10:09:20 午後 fvs.kitamura.FrameAnalyzer <init>
構成: After getBufferedImage:C:\Users\Kitamura\Desktop\Fighters\FVS160517\DB\MVI_0193.MP4
5 17, 2016 10:09:20 午後 fvs.kitamura.SortVideo <init>
構成: C:\Users\Kitamura\Desktop\Fighters\FVS160517\DB\MVI_0193.MP4:117
5 17, 2016 10:09:20 午後 fvs.kitamura.FrameAnalyzer <init>
構成: FFmpegFrameGrabber:C:\Users\Kitamura\Desktop\Fighters\FVS160517\DB\MVI_0194.MP4
5 17, 2016 10:09:20 午後 fvs.kitamura.FrameAnalyzer <init>
構成: Before getBufferedImage:C:\Users\Kitamura\Desktop\Fighters\FVS160517\DB\MVI_0194.MP4
5 17, 2016 10:09:20 午後 fvs.kitamura.FrameAnalyzer <init>
構成: After getBufferedImage:C:\Users\Kitamura\Desktop\Fighters\FVS160517\DB\MVI_0194.MP4
5 17, 2016 10:09:20 午後 fvs.kitamura.SortVideo <init>
構成: C:\Users\Kitamura\Desktop\Fighters\FVS160517\DB\MVI_0194.MP4:115
5 17, 2016 10:09:20 午後 fvs.kitamura.FrameAnalyzer <init>
構成: FFmpegFrameGrabber:C:\Users\Kitamura\Desktop\Fighters\FVS160517\DB\MVI_0195.MP4
5 17, 2016 10:09:20 午後 fvs.kitamura.FrameAnalyzer <init>
構成: Before getBufferedImage:C:\Users\Kitamura\Desktop\Fighters\FVS160517\DB\MVI_0195.MP4
5 17, 2016 10:09:20 午後 fvs.kitamura.FrameAnalyzer <init>
構成: After getBufferedImage:C:\Users\Kitamura\Desktop\Fighters\FVS160517\DB\MVI_0195.MP4
5 17, 2016 10:09:20 午後 fvs.kitamura.SortVideo <init>
構成: C:\Users\Kitamura\Desktop\Fighters\FVS160517\DB\MVI_0195.MP4:124
5 17, 2016 10:09:20 午後 fvs.kitamura.FrameAnalyzer <init>
構成: FFmpegFrameGrabber:C:\Users\Kitamura\Desktop\Fighters\FVS160517\DB\MVI_0196.MP4
5 17, 2016 10:09:20 午後 fvs.kitamura.FrameAnalyzer <init>
構成: Before getBufferedImage:C:\Users\Kitamura\Desktop\Fighters\FVS160517\DB\MVI_0196.MP4
5 17, 2016 10:09:20 午後 fvs.kitamura.FrameAnalyzer <init>
構成: After getBufferedImage:C:\Users\Kitamura\Desktop\Fighters\FVS160517\DB\MVI_0196.MP4
5 17, 2016 10:09:20 午後 fvs.kitamura.SortVideo <init>
構成: C:\Users\Kitamura\Desktop\Fighters\FVS160517\DB\MVI_0196.MP4:114
5 17, 2016 10:09:20 午後 fvs.kitamura.FrameAnalyzer <init>
構成: FFmpegFrameGrabber:C:\Users\Kitamura\Desktop\Fighters\FVS160517\DB\MVI_0197.MP4
5 17, 2016 10:09:20 午後 fvs.kitamura.FrameAnalyzer <init>
構成: Before getBufferedImage:C:\Users\Kitamura\Desktop\Fighters\FVS160517\DB\MVI_0197.MP4
5 17, 2016 10:09:20 午後 fvs.kitamura.FrameAnalyzer <init>
構成: After getBufferedImage:C:\Users\Kitamura\Desktop\Fighters\FVS160517\DB\MVI_0197.MP4
5 17, 2016 10:09:20 午後 fvs.kitamura.SortVideo <init>
構成: C:\Users\Kitamura\Desktop\Fighters\FVS160517\DB\MVI_0197.MP4:115
5 17, 2016 10:09:20 午後 fvs.kitamura.FrameAnalyzer <init>
構成: FFmpegFrameGrabber:C:\Users\Kitamura\Desktop\Fighters\FVS160517\DB\MVI_0198.MP4
5 17, 2016 10:09:20 午後 fvs.kitamura.FrameAnalyzer <init>
構成: Before getBufferedImage:C:\Users\Kitamura\Desktop\Fighters\FVS160517\DB\MVI_0198.MP4
5 17, 2016 10:09:20 午後 fvs.kitamura.FrameAnalyzer <init>
構成: After getBufferedImage:C:\Users\Kitamura\Desktop\Fighters\FVS160517\DB\MVI_0198.MP4
5 17, 2016 10:09:20 午後 fvs.kitamura.SortVideo <init>
構成: C:\Users\Kitamura\Desktop\Fighters\FVS160517\DB\MVI_0198.MP4:122
5 17, 2016 10:09:20 午後 fvs.kitamura.FrameAnalyzer <init>
構成: FFmpegFrameGrabber:C:\Users\Kitamura\Desktop\Fighters\FVS160517\DB\MVI_0199.MP4
5 17, 2016 10:09:21 午後 fvs.kitamura.FrameAnalyzer <init>
構成: Before getBufferedImage:C:\Users\Kitamura\Desktop\Fighters\FVS160517\DB\MVI_0199.MP4
5 17, 2016 10:09:21 午後 fvs.kitamura.FrameAnalyzer <init>
構成: After getBufferedImage:C:\Users\Kitamura\Desktop\Fighters\FVS160517\DB\MVI_0199.MP4
5 17, 2016 10:09:21 午後 fvs.kitamura.SortVideo <init>
構成: C:\Users\Kitamura\Desktop\Fighters\FVS160517\DB\MVI_0199.MP4:108
5 17, 2016 10:09:21 午後 fvs.kitamura.FrameAnalyzer <init>
構成: FFmpegFrameGrabber:C:\Users\Kitamura\Desktop\Fighters\FVS160517\DB\MVI_0200.MP4
5 17, 2016 10:09:21 午後 fvs.kitamura.FrameAnalyzer <init>
構成: Before getBufferedImage:C:\Users\Kitamura\Desktop\Fighters\FVS160517\DB\MVI_0200.MP4
5 17, 2016 10:09:21 午後 fvs.kitamura.FrameAnalyzer <init>
構成: After getBufferedImage:C:\Users\Kitamura\Desktop\Fighters\FVS160517\DB\MVI_0200.MP4
5 17, 2016 10:09:21 午後 fvs.kitamura.SortVideo <init>
構成: C:\Users\Kitamura\Desktop\Fighters\FVS160517\DB\MVI_0200.MP4:116
5 17, 2016 10:09:21 午後 fvs.kitamura.FrameAnalyzer <init>
構成: FFmpegFrameGrabber:C:\Users\Kitamura\Desktop\Fighters\FVS160517\DB\MVI_0201.MP4
5 17, 2016 10:09:21 午後 fvs.kitamura.FrameAnalyzer <init>
構成: Before getBufferedImage:C:\Users\Kitamura\Desktop\Fighters\FVS160517\DB\MVI_0201.MP4
5 17, 2016 10:09:21 午後 fvs.kitamura.FrameAnalyzer <init>
構成: After getBufferedImage:C:\Users\Kitamura\Desktop\Fighters\FVS160517\DB\MVI_0201.MP4
5 17, 2016 10:09:21 午後 fvs.kitamura.SortVideo <init>
構成: C:\Users\Kitamura\Desktop\Fighters\FVS160517\DB\MVI_0201.MP4:117
5 17, 2016 10:09:21 午後 fvs.kitamura.FrameAnalyzer <init>
構成: FFmpegFrameGrabber:C:\Users\Kitamura\Desktop\Fighters\FVS160517\DB\MVI_0202.MP4
5 17, 2016 10:09:21 午後 fvs.kitamura.FrameAnalyzer <init>
構成: Before getBufferedImage:C:\Users\Kitamura\Desktop\Fighters\FVS160517\DB\MVI_0202.MP4
5 17, 2016 10:09:21 午後 fvs.kitamura.FrameAnalyzer <init>
構成: After getBufferedImage:C:\Users\Kitamura\Desktop\Fighters\FVS160517\DB\MVI_0202.MP4
5 17, 2016 10:09:21 午後 fvs.kitamura.SortVideo <init>
構成: C:\Users\Kitamura\Desktop\Fighters\FVS160517\DB\MVI_0202.MP4:114
5 17, 2016 10:09:21 午後 fvs.kitamura.FrameAnalyzer <init>
構成: FFmpegFrameGrabber:C:\Users\Kitamura\Desktop\Fighters\FVS160517\DB\MVI_0203.MP4
5 17, 2016 10:09:21 午後 fvs.kitamura.FrameAnalyzer <init>
構成: Before getBufferedImage:C:\Users\Kitamura\Desktop\Fighters\FVS160517\DB\MVI_0203.MP4
5 17, 2016 10:09:21 午後 fvs.kitamura.FrameAnalyzer <init>
構成: After getBufferedImage:C:\Users\Kitamura\Desktop\Fighters\FVS160517\DB\MVI_0203.MP4
5 17, 2016 10:09:21 午後 fvs.kitamura.SortVideo <init>
構成: C:\Users\Kitamura\Desktop\Fighters\FVS160517\DB\MVI_0203.MP4:119
5 17, 2016 10:09:21 午後 fvs.kitamura.FrameAnalyzer <init>
構成: FFmpegFrameGrabber:C:\Users\Kitamura\Desktop\Fighters\FVS160517\DB\MVI_0204.MP4
5 17, 2016 10:09:21 午後 fvs.kitamura.FrameAnalyzer <init>
構成: Before getBufferedImage:C:\Users\Kitamura\Desktop\Fighters\FVS160517\DB\MVI_0204.MP4
5 17, 2016 10:09:21 午後 fvs.kitamura.FrameAnalyzer <init>
構成: After getBufferedImage:C:\Users\Kitamura\Desktop\Fighters\FVS160517\DB\MVI_0204.MP4
5 17, 2016 10:09:21 午後 fvs.kitamura.SortVideo <init>
構成: C:\Users\Kitamura\Desktop\Fighters\FVS160517\DB\MVI_0204.MP4:119
5 17, 2016 10:09:21 午後 fvs.kitamura.FrameAnalyzer <init>
構成: FFmpegFrameGrabber:C:\Users\Kitamura\Desktop\Fighters\FVS160517\DB\MVI_0205.MP4
5 17, 2016 10:09:21 午後 fvs.kitamura.FrameAnalyzer <init>
構成: Before getBufferedImage:C:\Users\Kitamura\Desktop\Fighters\FVS160517\DB\MVI_0205.MP4
5 17, 2016 10:09:21 午後 fvs.kitamura.FrameAnalyzer <init>
構成: After getBufferedImage:C:\Users\Kitamura\Desktop\Fighters\FVS160517\DB\MVI_0205.MP4
5 17, 2016 10:09:21 午後 fvs.kitamura.SortVideo <init>
構成: C:\Users\Kitamura\Desktop\Fighters\FVS160517\DB\MVI_0205.MP4:123
5 17, 2016 10:09:21 午後 fvs.kitamura.FrameAnalyzer <init>
構成: FFmpegFrameGrabber:C:\Users\Kitamura\Desktop\Fighters\FVS160517\DB\MVI_0206.MP4
5 17, 2016 10:09:21 午後 fvs.kitamura.FrameAnalyzer <init>
構成: Before getBufferedImage:C:\Users\Kitamura\Desktop\Fighters\FVS160517\DB\MVI_0206.MP4
5 17, 2016 10:09:21 午後 fvs.kitamura.FrameAnalyzer <init>
構成: After getBufferedImage:C:\Users\Kitamura\Desktop\Fighters\FVS160517\DB\MVI_0206.MP4
5 17, 2016 10:09:21 午後 fvs.kitamura.SortVideo <init>
構成: C:\Users\Kitamura\Desktop\Fighters\FVS160517\DB\MVI_0206.MP4:124
5 17, 2016 10:09:21 午後 fvs.kitamura.FrameAnalyzer <init>
構成: FFmpegFrameGrabber:C:\Users\Kitamura\Desktop\Fighters\FVS160517\DB\MVI_0207.MP4
5 17, 2016 10:09:21 午後 fvs.kitamura.FrameAnalyzer <init>
構成: Before getBufferedImage:C:\Users\Kitamura\Desktop\Fighters\FVS160517\DB\MVI_0207.MP4
5 17, 2016 10:09:21 午後 fvs.kitamura.FrameAnalyzer <init>
構成: After getBufferedImage:C:\Users\Kitamura\Desktop\Fighters\FVS160517\DB\MVI_0207.MP4
5 17, 2016 10:09:21 午後 fvs.kitamura.SortVideo <init>
構成: C:\Users\Kitamura\Desktop\Fighters\FVS160517\DB\MVI_0207.MP4:117
5 17, 2016 10:09:21 午後 fvs.kitamura.FrameAnalyzer <init>
構成: FFmpegFrameGrabber:C:\Users\Kitamura\Desktop\Fighters\FVS160517\DB\MVI_0208.MP4
5 17, 2016 10:09:21 午後 fvs.kitamura.FrameAnalyzer <init>
構成: Before getBufferedImage:C:\Users\Kitamura\Desktop\Fighters\FVS160517\DB\MVI_0208.MP4
5 17, 2016 10:09:21 午後 fvs.kitamura.FrameAnalyzer <init>
構成: After getBufferedImage:C:\Users\Kitamura\Desktop\Fighters\FVS160517\DB\MVI_0208.MP4
5 17, 2016 10:09:21 午後 fvs.kitamura.SortVideo <init>
構成: C:\Users\Kitamura\Desktop\Fighters\FVS160517\DB\MVI_0208.MP4:121
5 17, 2016 10:09:21 午後 fvs.kitamura.FrameAnalyzer <init>
構成: FFmpegFrameGrabber:C:\Users\Kitamura\Desktop\Fighters\FVS160517\DB\MVI_0209.MP4
5 17, 2016 10:09:21 午後 fvs.kitamura.FrameAnalyzer <init>
構成: Before getBufferedImage:C:\Users\Kitamura\Desktop\Fighters\FVS160517\DB\MVI_0209.MP4
5 17, 2016 10:09:21 午後 fvs.kitamura.FrameAnalyzer <init>
構成: After getBufferedImage:C:\Users\Kitamura\Desktop\Fighters\FVS160517\DB\MVI_0209.MP4
5 17, 2016 10:09:21 午後 fvs.kitamura.SortVideo <init>
構成: C:\Users\Kitamura\Desktop\Fighters\FVS160517\DB\MVI_0209.MP4:110
5 17, 2016 10:09:21 午後 fvs.kitamura.FrameAnalyzer <init>
構成: FFmpegFrameGrabber:C:\Users\Kitamura\Desktop\Fighters\FVS160517\DB\MVI_0210.MP4
5 17, 2016 10:09:22 午後 fvs.kitamura.FrameAnalyzer <init>
構成: Before getBufferedImage:C:\Users\Kitamura\Desktop\Fighters\FVS160517\DB\MVI_0210.MP4
5 17, 2016 10:09:22 午後 fvs.kitamura.FrameAnalyzer <init>
構成: After getBufferedImage:C:\Users\Kitamura\Desktop\Fighters\FVS160517\DB\MVI_0210.MP4
5 17, 2016 10:09:22 午後 fvs.kitamura.SortVideo <init>
構成: C:\Users\Kitamura\Desktop\Fighters\FVS160517\DB\MVI_0210.MP4:110
5 17, 2016 10:09:22 午後 fvs.kitamura.FrameAnalyzer <init>
構成: FFmpegFrameGrabber:C:\Users\Kitamura\Desktop\Fighters\FVS160517\DB\MVI_0211.MP4
5 17, 2016 10:09:22 午後 fvs.kitamura.FrameAnalyzer <init>
構成: Before getBufferedImage:C:\Users\Kitamura\Desktop\Fighters\FVS160517\DB\MVI_0211.MP4
5 17, 2016 10:09:22 午後 fvs.kitamura.FrameAnalyzer <init>
構成: After getBufferedImage:C:\Users\Kitamura\Desktop\Fighters\FVS160517\DB\MVI_0211.MP4
5 17, 2016 10:09:22 午後 fvs.kitamura.SortVideo <init>
構成: C:\Users\Kitamura\Desktop\Fighters\FVS160517\DB\MVI_0211.MP4:110
5 17, 2016 10:09:22 午後 fvs.kitamura.FrameAnalyzer <init>
構成: FFmpegFrameGrabber:C:\Users\Kitamura\Desktop\Fighters\FVS160517\DB\MVI_0212.MP4
5 17, 2016 10:09:22 午後 fvs.kitamura.FrameAnalyzer <init>
構成: Before getBufferedImage:C:\Users\Kitamura\Desktop\Fighters\FVS160517\DB\MVI_0212.MP4
5 17, 2016 10:09:22 午後 fvs.kitamura.FrameAnalyzer <init>
構成: After getBufferedImage:C:\Users\Kitamura\Desktop\Fighters\FVS160517\DB\MVI_0212.MP4
5 17, 2016 10:09:22 午後 fvs.kitamura.SortVideo <init>
構成: C:\Users\Kitamura\Desktop\Fighters\FVS160517\DB\MVI_0212.MP4:105
5 17, 2016 10:09:22 午後 fvs.kitamura.FrameAnalyzer <init>
構成: FFmpegFrameGrabber:C:\Users\Kitamura\Desktop\Fighters\FVS160517\DB\MVI_0213.MP4
5 17, 2016 10:09:22 午後 fvs.kitamura.FrameAnalyzer <init>
構成: Before getBufferedImage:C:\Users\Kitamura\Desktop\Fighters\FVS160517\DB\MVI_0213.MP4
5 17, 2016 10:09:22 午後 fvs.kitamura.FrameAnalyzer <init>
構成: After getBufferedImage:C:\Users\Kitamura\Desktop\Fighters\FVS160517\DB\MVI_0213.MP4
5 17, 2016 10:09:22 午後 fvs.kitamura.SortVideo <init>
構成: C:\Users\Kitamura\Desktop\Fighters\FVS160517\DB\MVI_0213.MP4:106
5 17, 2016 10:09:22 午後 fvs.kitamura.FrameAnalyzer <init>
構成: FFmpegFrameGrabber:C:\Users\Kitamura\Desktop\Fighters\FVS160517\DB\MVI_0214.MP4
5 17, 2016 10:09:22 午後 fvs.kitamura.FrameAnalyzer <init>
構成: Before getBufferedImage:C:\Users\Kitamura\Desktop\Fighters\FVS160517\DB\MVI_0214.MP4
5 17, 2016 10:09:22 午後 fvs.kitamura.FrameAnalyzer <init>
構成: After getBufferedImage:C:\Users\Kitamura\Desktop\Fighters\FVS160517\DB\MVI_0214.MP4
5 17, 2016 10:09:22 午後 fvs.kitamura.SortVideo <init>
構成: C:\Users\Kitamura\Desktop\Fighters\FVS160517\DB\MVI_0214.MP4:109
5 17, 2016 10:09:22 午後 fvs.kitamura.FrameAnalyzer <init>
構成: FFmpegFrameGrabber:C:\Users\Kitamura\Desktop\Fighters\FVS160517\DB\MVI_0215.MP4
5 17, 2016 10:09:22 午後 fvs.kitamura.FrameAnalyzer <init>
構成: Before getBufferedImage:C:\Users\Kitamura\Desktop\Fighters\FVS160517\DB\MVI_0215.MP4
5 17, 2016 10:09:22 午後 fvs.kitamura.FrameAnalyzer <init>
構成: After getBufferedImage:C:\Users\Kitamura\Desktop\Fighters\FVS160517\DB\MVI_0215.MP4
5 17, 2016 10:09:22 午後 fvs.kitamura.SortVideo <init>
構成: C:\Users\Kitamura\Desktop\Fighters\FVS160517\DB\MVI_0215.MP4:119
5 17, 2016 10:09:22 午後 fvs.kitamura.FrameAnalyzer <init>
構成: FFmpegFrameGrabber:C:\Users\Kitamura\Desktop\Fighters\FVS160517\DB\MVI_0216.MP4
5 17, 2016 10:09:22 午後 fvs.kitamura.FrameAnalyzer <init>
構成: Before getBufferedImage:C:\Users\Kitamura\Desktop\Fighters\FVS160517\DB\MVI_0216.MP4
5 17, 2016 10:09:22 午後 fvs.kitamura.FrameAnalyzer <init>
構成: After getBufferedImage:C:\Users\Kitamura\Desktop\Fighters\FVS160517\DB\MVI_0216.MP4
5 17, 2016 10:09:22 午後 fvs.kitamura.SortVideo <init>
構成: C:\Users\Kitamura\Desktop\Fighters\FVS160517\DB\MVI_0216.MP4:5
5 17, 2016 10:09:22 午後 fvs.kitamura.FrameAnalyzer <init>
構成: FFmpegFrameGrabber:C:\Users\Kitamura\Desktop\Fighters\FVS160517\DB\MVI_0217.MP4
5 17, 2016 10:09:22 午後 fvs.kitamura.FrameAnalyzer <init>
構成: Before getBufferedImage:C:\Users\Kitamura\Desktop\Fighters\FVS160517\DB\MVI_0217.MP4
5 17, 2016 10:09:22 午後 fvs.kitamura.FrameAnalyzer <init>
構成: After getBufferedImage:C:\Users\Kitamura\Desktop\Fighters\FVS160517\DB\MVI_0217.MP4
5 17, 2016 10:09:22 午後 fvs.kitamura.SortVideo <init>
構成: C:\Users\Kitamura\Desktop\Fighters\FVS160517\DB\MVI_0217.MP4:108
5 17, 2016 10:09:22 午後 fvs.kitamura.FrameAnalyzer <init>
構成: FFmpegFrameGrabber:C:\Users\Kitamura\Desktop\Fighters\FVS160517\DB\MVI_0218.MP4
5 17, 2016 10:09:22 午後 fvs.kitamura.FrameAnalyzer <init>
構成: Before getBufferedImage:C:\Users\Kitamura\Desktop\Fighters\FVS160517\DB\MVI_0218.MP4
5 17, 2016 10:09:22 午後 fvs.kitamura.FrameAnalyzer <init>
構成: After getBufferedImage:C:\Users\Kitamura\Desktop\Fighters\FVS160517\DB\MVI_0218.MP4
5 17, 2016 10:09:22 午後 fvs.kitamura.SortVideo <init>
構成: C:\Users\Kitamura\Desktop\Fighters\FVS160517\DB\MVI_0218.MP4:110
5 17, 2016 10:09:22 午後 fvs.kitamura.FrameAnalyzer <init>
構成: FFmpegFrameGrabber:C:\Users\Kitamura\Desktop\Fighters\FVS160517\DB\MVI_0219.MP4
5 17, 2016 10:09:22 午後 fvs.kitamura.FrameAnalyzer <init>
構成: Before getBufferedImage:C:\Users\Kitamura\Desktop\Fighters\FVS160517\DB\MVI_0219.MP4
5 17, 2016 10:09:22 午後 fvs.kitamura.FrameAnalyzer <init>
構成: After getBufferedImage:C:\Users\Kitamura\Desktop\Fighters\FVS160517\DB\MVI_0219.MP4
5 17, 2016 10:09:22 午後 fvs.kitamura.SortVideo <init>
構成: C:\Users\Kitamura\Desktop\Fighters\FVS160517\DB\MVI_0219.MP4:113
5 17, 2016 10:09:22 午後 fvs.kitamura.FrameAnalyzer <init>
構成: FFmpegFrameGrabber:C:\Users\Kitamura\Desktop\Fighters\FVS160517\DB\MVI_0220.MP4
5 17, 2016 10:09:22 午後 fvs.kitamura.FrameAnalyzer <init>
構成: Before getBufferedImage:C:\Users\Kitamura\Desktop\Fighters\FVS160517\DB\MVI_0220.MP4
5 17, 2016 10:09:22 午後 fvs.kitamura.FrameAnalyzer <init>
構成: After getBufferedImage:C:\Users\Kitamura\Desktop\Fighters\FVS160517\DB\MVI_0220.MP4
5 17, 2016 10:09:22 午後 fvs.kitamura.SortVideo <init>
構成: C:\Users\Kitamura\Desktop\Fighters\FVS160517\DB\MVI_0220.MP4:107
5 17, 2016 10:09:22 午後 fvs.kitamura.FrameAnalyzer <init>
構成: FFmpegFrameGrabber:C:\Users\Kitamura\Desktop\Fighters\FVS160517\DB\MVI_0221.MP4
5 17, 2016 10:09:22 午後 fvs.kitamura.FrameAnalyzer <init>
構成: Before getBufferedImage:C:\Users\Kitamura\Desktop\Fighters\FVS160517\DB\MVI_0221.MP4
5 17, 2016 10:09:23 午後 fvs.kitamura.FrameAnalyzer <init>
構成: After getBufferedImage:C:\Users\Kitamura\Desktop\Fighters\FVS160517\DB\MVI_0221.MP4
5 17, 2016 10:09:23 午後 fvs.kitamura.SortVideo <init>
構成: C:\Users\Kitamura\Desktop\Fighters\FVS160517\DB\MVI_0221.MP4:107
5 17, 2016 10:09:23 午後 fvs.kitamura.FrameAnalyzer <init>
構成: FFmpegFrameGrabber:C:\Users\Kitamura\Desktop\Fighters\FVS160517\DB\MVI_0222.MP4
5 17, 2016 10:09:23 午後 fvs.kitamura.FrameAnalyzer <init>
構成: Before getBufferedImage:C:\Users\Kitamura\Desktop\Fighters\FVS160517\DB\MVI_0222.MP4
5 17, 2016 10:09:23 午後 fvs.kitamura.FrameAnalyzer <init>
構成: After getBufferedImage:C:\Users\Kitamura\Desktop\Fighters\FVS160517\DB\MVI_0222.MP4
5 17, 2016 10:09:23 午後 fvs.kitamura.SortVideo <init>
構成: C:\Users\Kitamura\Desktop\Fighters\FVS160517\DB\MVI_0222.MP4:102
5 17, 2016 10:09:23 午後 fvs.kitamura.FrameAnalyzer <init>
構成: FFmpegFrameGrabber:C:\Users\Kitamura\Desktop\Fighters\FVS160517\DB\MVI_0223.MP4
5 17, 2016 10:09:23 午後 fvs.kitamura.FrameAnalyzer <init>
構成: Before getBufferedImage:C:\Users\Kitamura\Desktop\Fighters\FVS160517\DB\MVI_0223.MP4
5 17, 2016 10:09:23 午後 fvs.kitamura.FrameAnalyzer <init>
構成: After getBufferedImage:C:\Users\Kitamura\Desktop\Fighters\FVS160517\DB\MVI_0223.MP4
5 17, 2016 10:09:23 午後 fvs.kitamura.SortVideo <init>
構成: C:\Users\Kitamura\Desktop\Fighters\FVS160517\DB\MVI_0223.MP4:112
5 17, 2016 10:09:23 午後 fvs.kitamura.FrameAnalyzer <init>
構成: FFmpegFrameGrabber:C:\Users\Kitamura\Desktop\Fighters\FVS160517\DB\MVI_0224.MP4
5 17, 2016 10:09:23 午後 fvs.kitamura.FrameAnalyzer <init>
構成: Before getBufferedImage:C:\Users\Kitamura\Desktop\Fighters\FVS160517\DB\MVI_0224.MP4
5 17, 2016 10:09:23 午後 fvs.kitamura.FrameAnalyzer <init>
構成: After getBufferedImage:C:\Users\Kitamura\Desktop\Fighters\FVS160517\DB\MVI_0224.MP4
5 17, 2016 10:09:23 午後 fvs.kitamura.SortVideo <init>
構成: C:\Users\Kitamura\Desktop\Fighters\FVS160517\DB\MVI_0224.MP4:126
5 17, 2016 10:09:23 午後 fvs.kitamura.FrameAnalyzer <init>
構成: FFmpegFrameGrabber:C:\Users\Kitamura\Desktop\Fighters\FVS160517\DB\MVI_0225.MP4
5 17, 2016 10:09:23 午後 fvs.kitamura.FrameAnalyzer <init>
構成: Before getBufferedImage:C:\Users\Kitamura\Desktop\Fighters\FVS160517\DB\MVI_0225.MP4
5 17, 2016 10:09:23 午後 fvs.kitamura.FrameAnalyzer <init>
構成: After getBufferedImage:C:\Users\Kitamura\Desktop\Fighters\FVS160517\DB\MVI_0225.MP4
5 17, 2016 10:09:23 午後 fvs.kitamura.SortVideo <init>
構成: C:\Users\Kitamura\Desktop\Fighters\FVS160517\DB\MVI_0225.MP4:105
5 17, 2016 10:09:23 午後 fvs.kitamura.FrameAnalyzer <init>
構成: FFmpegFrameGrabber:C:\Users\Kitamura\Desktop\Fighters\FVS160517\DB\MVI_0226.MP4
5 17, 2016 10:09:23 午後 fvs.kitamura.FrameAnalyzer <init>
構成: Before getBufferedImage:C:\Users\Kitamura\Desktop\Fighters\FVS160517\DB\MVI_0226.MP4
5 17, 2016 10:09:23 午後 fvs.kitamura.FrameAnalyzer <init>
構成: After getBufferedImage:C:\Users\Kitamura\Desktop\Fighters\FVS160517\DB\MVI_0226.MP4
5 17, 2016 10:09:23 午後 fvs.kitamura.SortVideo <init>
構成: C:\Users\Kitamura\Desktop\Fighters\FVS160517\DB\MVI_0226.MP4:100
5 17, 2016 10:09:23 午後 fvs.kitamura.FrameAnalyzer <init>
構成: FFmpegFrameGrabber:C:\Users\Kitamura\Desktop\Fighters\FVS160517\DB\MVI_0227.MP4
5 17, 2016 10:09:23 午後 fvs.kitamura.FrameAnalyzer <init>
構成: Before getBufferedImage:C:\Users\Kitamura\Desktop\Fighters\FVS160517\DB\MVI_0227.MP4
5 17, 2016 10:09:23 午後 fvs.kitamura.FrameAnalyzer <init>
構成: After getBufferedImage:C:\Users\Kitamura\Desktop\Fighters\FVS160517\DB\MVI_0227.MP4
5 17, 2016 10:09:23 午後 fvs.kitamura.SortVideo <init>
構成: C:\Users\Kitamura\Desktop\Fighters\FVS160517\DB\MVI_0227.MP4:109
5 17, 2016 10:09:23 午後 fvs.kitamura.FrameAnalyzer <init>
構成: FFmpegFrameGrabber:C:\Users\Kitamura\Desktop\Fighters\FVS160517\DB\MVI_0228.MP4
5 17, 2016 10:09:23 午後 fvs.kitamura.FrameAnalyzer <init>
構成: Before getBufferedImage:C:\Users\Kitamura\Desktop\Fighters\FVS160517\DB\MVI_0228.MP4
5 17, 2016 10:09:23 午後 fvs.kitamura.FrameAnalyzer <init>
構成: After getBufferedImage:C:\Users\Kitamura\Desktop\Fighters\FVS160517\DB\MVI_0228.MP4
5 17, 2016 10:09:23 午後 fvs.kitamura.SortVideo <init>
構成: C:\Users\Kitamura\Desktop\Fighters\FVS160517\DB\MVI_0228.MP4:105
5 17, 2016 10:09:23 午後 fvs.kitamura.FrameAnalyzer <init>
構成: FFmpegFrameGrabber:C:\Users\Kitamura\Desktop\Fighters\FVS160517\DB\MVI_0229.MP4
5 17, 2016 10:09:23 午後 fvs.kitamura.FrameAnalyzer <init>
構成: Before getBufferedImage:C:\Users\Kitamura\Desktop\Fighters\FVS160517\DB\MVI_0229.MP4
5 17, 2016 10:09:23 午後 fvs.kitamura.FrameAnalyzer <init>
構成: After getBufferedImage:C:\Users\Kitamura\Desktop\Fighters\FVS160517\DB\MVI_0229.MP4
5 17, 2016 10:09:23 午後 fvs.kitamura.SortVideo <init>
構成: C:\Users\Kitamura\Desktop\Fighters\FVS160517\DB\MVI_0229.MP4:107
5 17, 2016 10:09:23 午後 fvs.kitamura.FrameAnalyzer <init>
構成: FFmpegFrameGrabber:C:\Users\Kitamura\Desktop\Fighters\FVS160517\DB\MVI_0230.MP4
5 17, 2016 10:09:23 午後 fvs.kitamura.FrameAnalyzer <init>
構成: Before getBufferedImage:C:\Users\Kitamura\Desktop\Fighters\FVS160517\DB\MVI_0230.MP4
5 17, 2016 10:09:23 午後 fvs.kitamura.FrameAnalyzer <init>
構成: After getBufferedImage:C:\Users\Kitamura\Desktop\Fighters\FVS160517\DB\MVI_0230.MP4
5 17, 2016 10:09:23 午後 fvs.kitamura.SortVideo <init>
構成: C:\Users\Kitamura\Desktop\Fighters\FVS160517\DB\MVI_0230.MP4:102
5 17, 2016 10:09:23 午後 fvs.kitamura.FrameAnalyzer <init>
構成: FFmpegFrameGrabber:C:\Users\Kitamura\Desktop\Fighters\FVS160517\DB\MVI_0231.MP4
5 17, 2016 10:09:23 午後 fvs.kitamura.FrameAnalyzer <init>
構成: Before getBufferedImage:C:\Users\Kitamura\Desktop\Fighters\FVS160517\DB\MVI_0231.MP4
5 17, 2016 10:09:23 午後 fvs.kitamura.FrameAnalyzer <init>
構成: After getBufferedImage:C:\Users\Kitamura\Desktop\Fighters\FVS160517\DB\MVI_0231.MP4
5 17, 2016 10:09:23 午後 fvs.kitamura.SortVideo <init>
構成: C:\Users\Kitamura\Desktop\Fighters\FVS160517\DB\MVI_0231.MP4:106
5 17, 2016 10:09:23 午後 fvs.kitamura.FrameAnalyzer <init>
構成: FFmpegFrameGrabber:C:\Users\Kitamura\Desktop\Fighters\FVS160517\DB\MVI_0232.MP4
5 17, 2016 10:09:23 午後 fvs.kitamura.FrameAnalyzer <init>
構成: Before getBufferedImage:C:\Users\Kitamura\Desktop\Fighters\FVS160517\DB\MVI_0232.MP4
5 17, 2016 10:09:23 午後 fvs.kitamura.FrameAnalyzer <init>
構成: After getBufferedImage:C:\Users\Kitamura\Desktop\Fighters\FVS160517\DB\MVI_0232.MP4
5 17, 2016 10:09:23 午後 fvs.kitamura.SortVideo <init>
構成: C:\Users\Kitamura\Desktop\Fighters\FVS160517\DB\MVI_0232.MP4:114
5 17, 2016 10:09:23 午後 fvs.kitamura.FrameAnalyzer <init>
構成: FFmpegFrameGrabber:C:\Users\Kitamura\Desktop\Fighters\FVS160517\DB\MVI_0233.MP4
5 17, 2016 10:09:24 午後 fvs.kitamura.FrameAnalyzer <init>
構成: Before getBufferedImage:C:\Users\Kitamura\Desktop\Fighters\FVS160517\DB\MVI_0233.MP4
5 17, 2016 10:09:24 午後 fvs.kitamura.FrameAnalyzer <init>
構成: After getBufferedImage:C:\Users\Kitamura\Desktop\Fighters\FVS160517\DB\MVI_0233.MP4
5 17, 2016 10:09:24 午後 fvs.kitamura.SortVideo <init>
構成: C:\Users\Kitamura\Desktop\Fighters\FVS160517\DB\MVI_0233.MP4:108
5 17, 2016 10:09:24 午後 fvs.kitamura.FrameAnalyzer <init>
構成: FFmpegFrameGrabber:C:\Users\Kitamura\Desktop\Fighters\FVS160517\DB\MVI_0234.MP4
5 17, 2016 10:09:24 午後 fvs.kitamura.FrameAnalyzer <init>
構成: Before getBufferedImage:C:\Users\Kitamura\Desktop\Fighters\FVS160517\DB\MVI_0234.MP4
5 17, 2016 10:09:24 午後 fvs.kitamura.FrameAnalyzer <init>
構成: After getBufferedImage:C:\Users\Kitamura\Desktop\Fighters\FVS160517\DB\MVI_0234.MP4
5 17, 2016 10:09:24 午後 fvs.kitamura.SortVideo <init>
構成: C:\Users\Kitamura\Desktop\Fighters\FVS160517\DB\MVI_0234.MP4:108
5 17, 2016 10:09:24 午後 fvs.kitamura.FrameAnalyzer <init>
構成: FFmpegFrameGrabber:C:\Users\Kitamura\Desktop\Fighters\FVS160517\DB\MVI_0235.MP4
5 17, 2016 10:09:24 午後 fvs.kitamura.FrameAnalyzer <init>
構成: Before getBufferedImage:C:\Users\Kitamura\Desktop\Fighters\FVS160517\DB\MVI_0235.MP4
5 17, 2016 10:09:24 午後 fvs.kitamura.FrameAnalyzer <init>
構成: After getBufferedImage:C:\Users\Kitamura\Desktop\Fighters\FVS160517\DB\MVI_0235.MP4
5 17, 2016 10:09:24 午後 fvs.kitamura.SortVideo <init>
構成: C:\Users\Kitamura\Desktop\Fighters\FVS160517\DB\MVI_0235.MP4:109
5 17, 2016 10:09:24 午後 fvs.kitamura.FrameAnalyzer <init>
構成: FFmpegFrameGrabber:C:\Users\Kitamura\Desktop\Fighters\FVS160517\DB\MVI_0236.MP4
5 17, 2016 10:09:24 午後 fvs.kitamura.FrameAnalyzer <init>
構成: Before getBufferedImage:C:\Users\Kitamura\Desktop\Fighters\FVS160517\DB\MVI_0236.MP4
5 17, 2016 10:09:24 午後 fvs.kitamura.FrameAnalyzer <init>
構成: After getBufferedImage:C:\Users\Kitamura\Desktop\Fighters\FVS160517\DB\MVI_0236.MP4
5 17, 2016 10:09:24 午後 fvs.kitamura.SortVideo <init>
構成: C:\Users\Kitamura\Desktop\Fighters\FVS160517\DB\MVI_0236.MP4:116
5 17, 2016 10:09:24 午後 fvs.kitamura.FrameAnalyzer <init>
構成: FFmpegFrameGrabber:C:\Users\Kitamura\Desktop\Fighters\FVS160517\DB\MVI_0237.MP4
5 17, 2016 10:09:24 午後 fvs.kitamura.FrameAnalyzer <init>
構成: Before getBufferedImage:C:\Users\Kitamura\Desktop\Fighters\FVS160517\DB\MVI_0237.MP4
5 17, 2016 10:09:24 午後 fvs.kitamura.FrameAnalyzer <init>
構成: After getBufferedImage:C:\Users\Kitamura\Desktop\Fighters\FVS160517\DB\MVI_0237.MP4
5 17, 2016 10:09:24 午後 fvs.kitamura.SortVideo <init>
構成: C:\Users\Kitamura\Desktop\Fighters\FVS160517\DB\MVI_0237.MP4:105
5 17, 2016 10:09:24 午後 fvs.kitamura.FrameAnalyzer <init>
構成: FFmpegFrameGrabber:C:\Users\Kitamura\Desktop\Fighters\FVS160517\DB\MVI_0238.MP4
5 17, 2016 10:09:24 午後 fvs.kitamura.FrameAnalyzer <init>
構成: Before getBufferedImage:C:\Users\Kitamura\Desktop\Fighters\FVS160517\DB\MVI_0238.MP4
5 17, 2016 10:09:24 午後 fvs.kitamura.FrameAnalyzer <init>
構成: After getBufferedImage:C:\Users\Kitamura\Desktop\Fighters\FVS160517\DB\MVI_0238.MP4
5 17, 2016 10:09:24 午後 fvs.kitamura.SortVideo <init>
構成: C:\Users\Kitamura\Desktop\Fighters\FVS160517\DB\MVI_0238.MP4:101
